[ISAPI ENTRY] method=GET path=Security/sessionLogin/capabilities
[ISAPI ENTRY] method=GET path=Security/sessionLogin/capabilities
[ISAPI ENTRY] method=GET path=Security/sessionLogin/capabilities
[ISAPI ENTRY] method=GET path=Security/sessionLogin/capabilities
[ISAPI ENTRY] method=POST path=Security/sessionLogin
[ISAPI POST] path=Security/sessionLogin body=<SessionLogin><userName>admin</userName><password>63de92b9d22c95470de12c69b4c0669bef8550a60d4a5767bcc1ce6ef84e3289</password><sessionID>2e98c32fb29f7750dcc67d446c7258b3c3f9ed36a3f9afba19b83a8471200697
[ISAPI ENTRY] method=POST path=Security/sessionLogin
[ISAPI POST] path=Security/sessionLogin body=<SessionLogin><userName>admin</userName><password>63de92b9d22c95470de12c69b4c0669bef8550a60d4a5767bcc1ce6ef84e3289</password><sessionID>2e98c32fb29f7750dcc67d446c7258b3c3f9ed36a3f9afba19b83a8471200697
[ISAPI ENTRY] method=GET path=System/capabilities
[ISAPI ENTRY] method=GET path=Security/capabilities
[ISAPI ENTRY] method=GET path=Security/token
[ISAPI ENTRY] method=GET path=System/deviceInfo
[ISAPI ENTRY] method=GET path=System/Video/inputs/channels
[ISAPI ENTRY] method=GET path=System/TwoWayAudio/channels
[ISAPI ENTRY] method=GET path=System/capabilities
[ISAPI ENTRY] method=GET path=Security/capabilities
[ISAPI ENTRY] method=GET path=System/Network/PPPoE/1/status
[ISAPI ENTRY] method=GET path=System/Network/Bond
[ISAPI ENTRY] method=GET path=System/Network/interfaces
[ISAPI ENTRY] method=GET path=Security/adminAccesses
[ISAPI ENTRY] method=GET path=Security/token
[ISAPI ENTRY] method=GET path=System/Network/PPPoE/1/status
[ISAPI ENTRY] method=GET path=System/Network/Bond
[ISAPI ENTRY] method=GET path=System/Network/interfaces
[ISAPI ENTRY] method=GET path=Security/adminAccesses
[ISAPI ENTRY] method=GET path=Security/token
[ISAPI ENTRY] method=GET path=ContentMgmt/InputProxy/channels
[ISAPI ENTRY] method=GET path=System/Video/inputs/channels
[ISAPI ENTRY] method=GET path=ContentMgmt/ZeroVideo/channels
[ISAPI ENTRY] method=GET path=System/Video/inputs/channels
[ISAPI ENTRY] method=GET path=ContentMgmt/InputProxy/channels
[ISAPI ENTRY] method=GET path=ContentMgmt/ZeroVideo/channels
[ISAPI ENTRY] method=GET path=Security/token
[ISAPI ENTRY] method=GET path=Security/token
[ISAPI ENTRY] method=GET path=System/deviceInfo
[ISAPI ENTRY] method=PUT path=Security/sessionLogout
[ISAPI ENTRY] method=GET path=System/deviceInfo
[ISAPI ENTRY] method=GET path=System/deviceInfo
[ISAPI ENTRY] method=GET path=System/deviceInfo
[ISAPI ENTRY] method=GET path=System/deviceInfo
[ISAPI ENTRY] method=GET path=System/deviceInfo
[ISAPI ENTRY] method=GET path=System/deviceInfo
[ISAPI ENTRY] method=GET path=System/deviceInfo
[ISAPI ENTRY] method=GET path=System/deviceInfo
[ISAPI ENTRY] method=GET path=System/deviceInfo
[ISAPI ENTRY] method=GET path=System/deviceInfo
[ISAPI ENTRY] method=GET path=System/deviceInfo
[ISAPI ENTRY] method=GET path=System/deviceInfo
[ISAPI ENTRY] method=GET path=System/deviceInfo
[ISAPI ENTRY] method=GET path=System/deviceInfo
[ISAPI ENTRY] method=GET path=System/deviceInfo
[ISAPI ENTRY] method=GET path=System/deviceInfo
[ISAPI ENTRY] method=GET path=System/deviceInfo
[ISAPI ENTRY] method=GET path=System/deviceInfo
[ISAPI ENTRY] method=GET path=System/deviceInfo
[ISAPI ENTRY] method=GET path=System/deviceInfo
[ISAPI ENTRY] method=GET path=System/deviceInfo
[ISAPI ENTRY] method=GET path=System/deviceInfo
[ISAPI ENTRY] method=GET path=System/deviceInfo
[ISAPI ENTRY] method=GET path=System/deviceInfo
[ISAPI ENTRY] method=GET path=System/deviceInfo
[ISAPI ENTRY] method=GET path=System/deviceInfo
[ISAPI ENTRY] method=GET path=System/deviceInfo
[ISAPI ENTRY] method=GET path=System/deviceInfo
[ISAPI ENTRY] method=GET path=System/deviceInfo
[ISAPI ENTRY] method=GET path=System/deviceInfo
[ISAPI ENTRY] method=GET path=System/deviceInfo
[ISAPI ENTRY] method=GET path=System/deviceInfo
[ISAPI ENTRY] method=GET path=System/deviceInfo
[ISAPI ENTRY] method=GET path=System/deviceInfo
[ISAPI ENTRY] method=GET path=System/deviceInfo
[ISAPI ENTRY] method=GET path=System/deviceInfo
[ISAPI ENTRY] method=GET path=System/deviceInfo
[ISAPI ENTRY] method=GET path=System/deviceInfo
[ISAPI ENTRY] method=GET path=System/deviceInfo
[ISAPI ENTRY] method=GET path=System/deviceInfo
[ISAPI ENTRY] method=GET path=System/deviceInfo
[ISAPI ENTRY] method=GET path=System/deviceInfo
[ISAPI ENTRY] method=GET path=System/deviceInfo
[ISAPI ENTRY] method=GET path=System/deviceInfo
[ISAPI ENTRY] method=GET path=System/deviceInfo
[ISAPI ENTRY] method=GET path=System/deviceInfo
[ISAPI ENTRY] method=GET path=System/deviceInfo
[ISAPI ENTRY] method=GET path=System/deviceInfo
[ISAPI ENTRY] method=GET path=System/deviceInfo
[ISAPI ENTRY] method=GET path=System/deviceInfo
[ISAPI ENTRY] method=GET path=System/deviceInfo
[ISAPI ENTRY] method=GET path=System/deviceInfo
[ISAPI ENTRY] method=GET path=System/deviceInfo
[ISAPI ENTRY] method=GET path=System/deviceInfo
[ISAPI ENTRY] method=GET path=System/deviceInfo
[ISAPI ENTRY] method=GET path=System/deviceInfo
[ISAPI ENTRY] method=GET path=System/deviceInfo
[ISAPI ENTRY] method=GET path=System/deviceInfo
[ISAPI ENTRY] method=GET path=System/deviceInfo
[ISAPI ENTRY] method=GET path=System/deviceInfo
[ISAPI ENTRY] method=GET path=System/deviceInfo
[ISAPI ENTRY] method=GET path=System/deviceInfo
[ISAPI ENTRY] method=GET path=System/deviceInfo
[ISAPI ENTRY] method=GET path=System/deviceInfo
[ISAPI ENTRY] method=GET path=System/deviceInfo
[ISAPI ENTRY] method=GET path=System/deviceInfo
[ISAPI ENTRY] method=GET path=Security/sessionLogin/capabilities
[ISAPI ENTRY] method=GET path=Security/sessionLogin/capabilities
[ISAPI ENTRY] method=POST path=Security/sessionLogin
[ISAPI POST] path=Security/sessionLogin body=<SessionLogin><userName>admin</userName><password>5cf6d25cfb5ea19913d7a4f9b9049505f63c09c352fe1a3e26d53ae557400f0d</password><sessionID>786c6b14ffdedbac90a2c7895d0ca26bb7feae2c6c66a9923cf9ab4a255c91b3
[ISAPI ENTRY] method=GET path=System/capabilities
[ISAPI ENTRY] method=GET path=Security/capabilities
[ISAPI ENTRY] method=GET path=System/Network/PPPoE/1/status
[ISAPI ENTRY] method=GET path=System/Network/Bond
[ISAPI ENTRY] method=GET path=System/Network/interfaces
[ISAPI ENTRY] method=GET path=Security/adminAccesses
[ISAPI ENTRY] method=GET path=Security/token
[ISAPI ENTRY] method=GET path=System/Video/inputs/channels
[ISAPI ENTRY] method=GET path=ContentMgmt/InputProxy/channels
[ISAPI ENTRY] method=GET path=ContentMgmt/ZeroVideo/channels
[ISAPI ENTRY] method=GET path=Security/token
[ISAPI ENTRY] method=GET path=System/deviceInfo
[ISAPI ENTRY] method=GET path=System/deviceInfo
[ISAPI ENTRY] method=PUT path=Security/sessionLogout
[ISAPI ENTRY] method=GET path=Security/sessionLogin/capabilities
[ISAPI ENTRY] method=GET path=Security/sessionLogin/capabilities
[ISAPI ENTRY] method=POST path=Security/sessionLogin
[ISAPI POST] path=Security/sessionLogin body=<SessionLogin><userName>admin</userName><password>73e526cfafc3e66a987462004d1d38e2ca88647db29292b97abab0f8846ed604</password><sessionID>a0250db50bed1cf67abc9e663ab421cac122efc6f6d5efb3b3e249f5953e5991
[ISAPI ENTRY] method=GET path=System/capabilities
[ISAPI ENTRY] method=GET path=Security/capabilities
[ISAPI ENTRY] method=GET path=System/Network/PPPoE/1/status
[ISAPI ENTRY] method=GET path=System/Network/Bond
[ISAPI ENTRY] method=GET path=System/Network/interfaces
[ISAPI ENTRY] method=GET path=Security/adminAccesses
[ISAPI ENTRY] method=GET path=Security/token
[ISAPI ENTRY] method=GET path=System/Video/inputs/channels
[ISAPI ENTRY] method=GET path=ContentMgmt/InputProxy/channels
[ISAPI ENTRY] method=GET path=ContentMgmt/ZeroVideo/channels
[ISAPI ENTRY] method=GET path=Security/token
[ISAPI ENTRY] method=GET path=System/deviceInfo
[ISAPI ENTRY] method=GET path=System/deviceInfo
[ISAPI ENTRY] method=GET path=System/deviceInfo
[ISAPI ENTRY] method=GET path=System/deviceInfo
[ISAPI ENTRY] method=GET path=System/deviceInfo
[ISAPI ENTRY] method=GET path=System/deviceInfo
[ISAPI ENTRY] method=GET path=System/deviceInfo
[ISAPI ENTRY] method=GET path=System/deviceInfo
[ISAPI ENTRY] method=GET path=System/deviceInfo
[ISAPI ENTRY] method=GET path=System/deviceInfo
[ISAPI ENTRY] method=GET path=System/deviceInfo
[ISAPI ENTRY] method=GET path=System/deviceInfo
[ISAPI ENTRY] method=GET path=System/deviceInfo
[ISAPI ENTRY] method=GET path=System/deviceInfo
[ISAPI ENTRY] method=GET path=System/deviceInfo
[ISAPI ENTRY] method=GET path=System/deviceInfo
[ISAPI ENTRY] method=GET path=System/deviceInfo
[ISAPI ENTRY] method=GET path=System/deviceInfo
[ISAPI ENTRY] method=GET path=System/deviceInfo
[ISAPI ENTRY] method=GET path=System/deviceInfo
[ISAPI ENTRY] method=GET path=System/deviceInfo
[ISAPI ENTRY] method=GET path=System/deviceInfo
[ISAPI ENTRY] method=GET path=System/deviceInfo
[ISAPI ENTRY] method=GET path=System/deviceInfo
[ISAPI ENTRY] method=GET path=System/deviceInfo
[ISAPI ENTRY] method=GET path=System/deviceInfo
[ISAPI ENTRY] method=GET path=System/deviceInfo
[ISAPI ENTRY] method=GET path=System/deviceInfo
[ISAPI ENTRY] method=GET path=System/deviceInfo
[ISAPI ENTRY] method=GET path=System/deviceInfo
[ISAPI ENTRY] method=GET path=System/deviceInfo
[ISAPI ENTRY] method=GET path=System/deviceInfo
[ISAPI ENTRY] method=GET path=System/deviceInfo
[ISAPI ENTRY] method=GET path=System/deviceInfo
[ISAPI ENTRY] method=GET path=System/deviceInfo
[ISAPI ENTRY] method=GET path=System/deviceInfo
[ISAPI ENTRY] method=PUT path=Security/sessionLogout
[ISAPI ENTRY] method=GET path=Security/sessionLogin/capabilities
[ISAPI ENTRY] method=GET path=Security/sessionLogin/capabilities
[ISAPI ENTRY] method=POST path=Security/sessionLogin
[ISAPI POST] path=Security/sessionLogin body=<SessionLogin><userName>admin</userName><password>b4c63096b3908ab3da24ad3cffcf6cafdeaa74758d6fd4db13ae91af069462c6</password><sessionID>8a54375c059800687ace7e4997149dac9f841f6baa30364ff5de0a3837157343
[ISAPI ENTRY] method=GET path=System/capabilities
[ISAPI ENTRY] method=GET path=Security/capabilities
[ISAPI ENTRY] method=GET path=System/Network/PPPoE/1/status
[ISAPI ENTRY] method=GET path=System/Network/Bond
[ISAPI ENTRY] method=GET path=System/Network/interfaces
[ISAPI ENTRY] method=GET path=Security/adminAccesses
[ISAPI ENTRY] method=GET path=Security/token
[ISAPI ENTRY] method=GET path=System/Video/inputs/channels
[ISAPI ENTRY] method=GET path=ContentMgmt/InputProxy/channels
[ISAPI ENTRY] method=GET path=ContentMgmt/ZeroVideo/channels
[ISAPI ENTRY] method=GET path=Security/token
[ISAPI ENTRY] method=GET path=System/deviceInfo
[ISAPI ENTRY] method=GET path=System/deviceInfo
[ISAPI ENTRY] method=GET path=System/deviceInfo
[ISAPI ENTRY] method=GET path=System/deviceInfo
[ISAPI ENTRY] method=GET path=System/deviceInfo
[ISAPI ENTRY] method=GET path=System/deviceInfo
[ISAPI ENTRY] method=GET path=System/deviceInfo
[ISAPI ENTRY] method=GET path=System/deviceInfo
[ISAPI ENTRY] method=GET path=System/deviceInfo
[ISAPI ENTRY] method=GET path=System/deviceInfo
[ISAPI ENTRY] method=GET path=System/deviceInfo
[ISAPI ENTRY] method=GET path=System/deviceInfo
[ISAPI ENTRY] method=GET path=System/deviceInfo
[ISAPI ENTRY] method=GET path=System/deviceInfo
[ISAPI ENTRY] method=GET path=System/deviceInfo
[ISAPI ENTRY] method=GET path=System/deviceInfo
[ISAPI ENTRY] method=GET path=System/deviceInfo
[ISAPI ENTRY] method=GET path=System/deviceInfo
[ISAPI ENTRY] method=GET path=System/deviceInfo
[ISAPI ENTRY] method=GET path=System/deviceInfo
[ISAPI ENTRY] method=GET path=System/deviceInfo
[ISAPI ENTRY] method=GET path=System/deviceInfo
[ISAPI ENTRY] method=GET path=System/deviceInfo
[ISAPI ENTRY] method=GET path=System/deviceInfo
[ISAPI ENTRY] method=GET path=System/deviceInfo
[ISAPI ENTRY] method=GET path=System/deviceInfo
[ISAPI ENTRY] method=GET path=System/deviceInfo
[ISAPI ENTRY] method=GET path=System/deviceInfo
[ISAPI ENTRY] method=GET path=System/deviceInfo
[ISAPI ENTRY] method=GET path=System/deviceInfo
[ISAPI ENTRY] method=GET path=System/deviceInfo
[ISAPI ENTRY] method=GET path=System/deviceInfo
[ISAPI ENTRY] method=GET path=System/deviceInfo
[ISAPI ENTRY] method=GET path=System/deviceInfo
[ISAPI ENTRY] method=GET path=System/deviceInfo
[ISAPI ENTRY] method=GET path=System/deviceInfo
[ISAPI ENTRY] method=GET path=System/deviceInfo
[ISAPI ENTRY] method=GET path=System/deviceInfo
[ISAPI ENTRY] method=GET path=System/deviceInfo
[ISAPI ENTRY] method=GET path=System/deviceInfo
[ISAPI ENTRY] method=GET path=System/deviceInfo
[ISAPI ENTRY] method=GET path=System/deviceInfo
[ISAPI ENTRY] method=GET path=System/deviceInfo
[ISAPI ENTRY] method=GET path=System/deviceInfo
[ISAPI ENTRY] method=GET path=System/deviceInfo
[ISAPI ENTRY] method=GET path=System/deviceInfo
[ISAPI ENTRY] method=GET path=System/deviceInfo
[ISAPI ENTRY] method=GET path=System/deviceInfo
[ISAPI ENTRY] method=GET path=System/deviceInfo
[ISAPI ENTRY] method=GET path=System/deviceInfo
[ISAPI ENTRY] method=GET path=System/deviceInfo
[ISAPI ENTRY] method=GET path=System/deviceInfo
[ISAPI ENTRY] method=GET path=System/deviceInfo
[ISAPI ENTRY] method=GET path=System/deviceInfo
[ISAPI ENTRY] method=GET path=System/deviceInfo
[ISAPI ENTRY] method=GET path=System/deviceInfo
[ISAPI ENTRY] method=GET path=System/deviceInfo
[ISAPI ENTRY] method=PUT path=Security/sessionLogout
[ISAPI ENTRY] method=GET path=Security/sessionLogin/capabilities
[ISAPI ENTRY] method=GET path=Security/sessionLogin/capabilities
[ISAPI ENTRY] method=POST path=Security/sessionLogin
[ISAPI POST] path=Security/sessionLogin body=<SessionLogin><userName>admin</userName><password>fdff98c3eab576c0ef4f80a72a14f14b80d46264d7b33d9e667b79c26d4ff8c7</password><sessionID>3495c4cefda80aefa75dfee4df2487117a3446d60b9ffca385681030c3e43beb
[ISAPI ENTRY] method=GET path=System/capabilities
[ISAPI ENTRY] method=GET path=Security/capabilities
[ISAPI ENTRY] method=GET path=System/Network/PPPoE/1/status
[ISAPI ENTRY] method=GET path=System/Network/Bond
[ISAPI ENTRY] method=GET path=System/Network/interfaces
[ISAPI ENTRY] method=GET path=Security/adminAccesses
[ISAPI ENTRY] method=GET path=Security/token
[ISAPI ENTRY] method=GET path=System/Video/inputs/channels
[ISAPI ENTRY] method=GET path=ContentMgmt/InputProxy/channels
[ISAPI ENTRY] method=GET path=ContentMgmt/ZeroVideo/channels
[ISAPI ENTRY] method=GET path=Security/token
[ISAPI ENTRY] method=GET path=System/deviceInfo
[ISAPI ENTRY] method=GET path=System/deviceInfo
[ISAPI ENTRY] method=GET path=System/deviceInfo
[ISAPI ENTRY] method=GET path=System/deviceInfo
[ISAPI ENTRY] method=GET path=System/deviceInfo
[ISAPI ENTRY] method=GET path=System/deviceInfo
[ISAPI ENTRY] method=GET path=System/deviceInfo
[ISAPI ENTRY] method=GET path=System/deviceInfo
[ISAPI ENTRY] method=GET path=System/deviceInfo
[ISAPI ENTRY] method=GET path=System/deviceInfo
[ISAPI ENTRY] method=GET path=System/deviceInfo
[ISAPI ENTRY] method=GET path=System/deviceInfo
[ISAPI ENTRY] method=GET path=System/deviceInfo
[ISAPI ENTRY] method=GET path=System/deviceInfo
[ISAPI ENTRY] method=GET path=System/deviceInfo
[ISAPI ENTRY] method=GET path=System/deviceInfo
[ISAPI ENTRY] method=GET path=System/deviceInfo
[ISAPI ENTRY] method=GET path=System/deviceInfo
[ISAPI ENTRY] method=GET path=System/deviceInfo
[ISAPI ENTRY] method=GET path=System/deviceInfo
[ISAPI ENTRY] method=GET path=System/deviceInfo
[ISAPI ENTRY] method=GET path=System/deviceInfo
[ISAPI ENTRY] method=GET path=System/deviceInfo
[ISAPI ENTRY] method=GET path=System/deviceInfo
[ISAPI ENTRY] method=GET path=System/deviceInfo
[ISAPI ENTRY] method=GET path=System/deviceInfo
[ISAPI ENTRY] method=GET path=System/deviceInfo
[ISAPI ENTRY] method=GET path=System/deviceInfo
[ISAPI ENTRY] method=GET path=System/deviceInfo
[ISAPI ENTRY] method=GET path=System/deviceInfo
[ISAPI ENTRY] method=GET path=System/deviceInfo
[ISAPI ENTRY] method=GET path=System/deviceInfo
[ISAPI ENTRY] method=GET path=System/deviceInfo
[ISAPI ENTRY] method=GET path=System/deviceInfo
[ISAPI ENTRY] method=GET path=System/deviceInfo
[ISAPI ENTRY] method=GET path=System/deviceInfo
[ISAPI ENTRY] method=GET path=System/deviceInfo
[ISAPI ENTRY] method=GET path=System/deviceInfo
[ISAPI ENTRY] method=GET path=System/deviceInfo
[ISAPI ENTRY] method=GET path=System/deviceInfo
[ISAPI ENTRY] method=GET path=System/deviceInfo
[ISAPI ENTRY] method=GET path=System/deviceInfo
[ISAPI ENTRY] method=GET path=System/deviceInfo
[ISAPI ENTRY] method=GET path=System/deviceInfo
[ISAPI ENTRY] method=GET path=System/deviceInfo
[ISAPI ENTRY] method=GET path=System/deviceInfo
[ISAPI ENTRY] method=GET path=System/deviceInfo
[ISAPI ENTRY] method=GET path=System/deviceInfo
[ISAPI ENTRY] method=GET path=System/deviceInfo
[ISAPI ENTRY] method=GET path=System/deviceInfo
[ISAPI ENTRY] method=GET path=System/deviceInfo
[ISAPI ENTRY] method=GET path=System/deviceInfo
[ISAPI ENTRY] method=GET path=System/deviceInfo
[ISAPI ENTRY] method=GET path=System/deviceInfo
[ISAPI ENTRY] method=GET path=System/deviceInfo
[ISAPI ENTRY] method=GET path=System/deviceInfo
[ISAPI ENTRY] method=GET path=System/deviceInfo
[ISAPI ENTRY] method=GET path=System/deviceInfo
[ISAPI ENTRY] method=GET path=System/deviceInfo
[ISAPI ENTRY] method=GET path=System/deviceInfo
[ISAPI ENTRY] method=GET path=System/deviceInfo
[ISAPI ENTRY] method=GET path=System/deviceInfo
[ISAPI ENTRY] method=GET path=System/deviceInfo
[ISAPI ENTRY] method=GET path=System/deviceInfo
[ISAPI ENTRY] method=GET path=System/deviceInfo
[ISAPI ENTRY] method=GET path=System/deviceInfo
[ISAPI ENTRY] method=GET path=System/deviceInfo
[ISAPI ENTRY] method=GET path=System/deviceInfo
[ISAPI ENTRY] method=GET path=System/deviceInfo
[ISAPI ENTRY] method=GET path=System/deviceInfo
[ISAPI ENTRY] method=GET path=System/deviceInfo
[ISAPI ENTRY] method=GET path=System/deviceInfo
[ISAPI ENTRY] method=GET path=System/deviceInfo
[ISAPI ENTRY] method=GET path=System/deviceInfo
[ISAPI ENTRY] method=GET path=System/deviceInfo
[ISAPI ENTRY] method=GET path=System/deviceInfo
[ISAPI ENTRY] method=GET path=System/deviceInfo
[ISAPI ENTRY] method=GET path=System/deviceInfo
[ISAPI ENTRY] method=GET path=System/deviceInfo
[ISAPI ENTRY] method=GET path=System/deviceInfo
[ISAPI ENTRY] method=GET path=System/deviceInfo
[ISAPI ENTRY] method=GET path=System/deviceInfo
[ISAPI ENTRY] method=GET path=System/deviceInfo
[ISAPI ENTRY] method=GET path=System/deviceInfo
[ISAPI ENTRY] method=GET path=System/deviceInfo
[ISAPI ENTRY] method=GET path=System/deviceInfo
[ISAPI ENTRY] method=GET path=System/deviceInfo
[ISAPI ENTRY] method=GET path=System/deviceInfo
[ISAPI ENTRY] method=GET path=System/deviceInfo
[ISAPI ENTRY] method=GET path=System/deviceInfo
[ISAPI ENTRY] method=GET path=System/deviceInfo
[ISAPI ENTRY] method=GET path=System/deviceInfo
[ISAPI ENTRY] method=GET path=System/deviceInfo
[ISAPI ENTRY] method=GET path=System/deviceInfo
[ISAPI ENTRY] method=GET path=System/deviceInfo
[ISAPI ENTRY] method=GET path=System/deviceInfo
[ISAPI ENTRY] method=GET path=System/deviceInfo
[ISAPI ENTRY] method=GET path=System/deviceInfo
[ISAPI ENTRY] method=GET path=System/deviceInfo
[ISAPI ENTRY] method=GET path=System/deviceInfo
[ISAPI ENTRY] method=GET path=System/deviceInfo
[ISAPI ENTRY] method=GET path=System/deviceInfo
[ISAPI ENTRY] method=GET path=System/deviceInfo
[ISAPI ENTRY] method=GET path=System/deviceInfo
[ISAPI ENTRY] method=GET path=System/deviceInfo
[ISAPI ENTRY] method=GET path=System/deviceInfo
[ISAPI ENTRY] method=GET path=System/deviceInfo
[ISAPI ENTRY] method=GET path=System/deviceInfo
[ISAPI ENTRY] method=GET path=System/deviceInfo
[ISAPI ENTRY] method=GET path=System/deviceInfo
[ISAPI ENTRY] method=GET path=System/deviceInfo
[ISAPI ENTRY] method=GET path=System/deviceInfo
[ISAPI ENTRY] method=GET path=System/deviceInfo
[ISAPI ENTRY] method=GET path=System/deviceInfo
[ISAPI ENTRY] method=GET path=System/deviceInfo
[ISAPI ENTRY] method=GET path=System/deviceInfo
[ISAPI ENTRY] method=GET path=System/deviceInfo
[ISAPI ENTRY] method=GET path=System/deviceInfo
[ISAPI ENTRY] method=GET path=System/deviceInfo
[ISAPI ENTRY] method=GET path=System/deviceInfo
[ISAPI ENTRY] method=GET path=System/deviceInfo
[ISAPI ENTRY] method=GET path=System/deviceInfo
[ISAPI ENTRY] method=GET path=System/deviceInfo
[ISAPI ENTRY] method=GET path=System/deviceInfo
[ISAPI ENTRY] method=GET path=System/deviceInfo
[ISAPI ENTRY] method=GET path=System/deviceInfo
[ISAPI ENTRY] method=GET path=System/deviceInfo
[ISAPI ENTRY] method=GET path=System/deviceInfo
[ISAPI ENTRY] method=GET path=System/deviceInfo
[ISAPI ENTRY] method=GET path=System/deviceInfo
[ISAPI ENTRY] method=GET path=System/deviceInfo
[ISAPI ENTRY] method=GET path=System/deviceInfo
[ISAPI ENTRY] method=GET path=System/deviceInfo
[ISAPI ENTRY] method=GET path=System/deviceInfo
[ISAPI ENTRY] method=GET path=System/deviceInfo
[ISAPI ENTRY] method=GET path=System/deviceInfo
[ISAPI ENTRY] method=GET path=System/deviceInfo
[ISAPI ENTRY] method=GET path=System/deviceInfo
[ISAPI ENTRY] method=GET path=System/deviceInfo
[ISAPI ENTRY] method=GET path=System/deviceInfo
[ISAPI ENTRY] method=GET path=System/deviceInfo
[ISAPI ENTRY] method=GET path=System/deviceInfo
[ISAPI ENTRY] method=GET path=System/deviceInfo
[ISAPI ENTRY] method=GET path=System/deviceInfo
[ISAPI ENTRY] method=GET path=System/deviceInfo
[ISAPI ENTRY] method=GET path=System/deviceInfo
[ISAPI ENTRY] method=GET path=System/deviceInfo
[ISAPI ENTRY] method=GET path=System/deviceInfo
[ISAPI ENTRY] method=GET path=System/deviceInfo
[ISAPI ENTRY] method=GET path=System/deviceInfo
[ISAPI ENTRY] method=GET path=System/deviceInfo
[ISAPI ENTRY] method=GET path=System/deviceInfo
[ISAPI ENTRY] method=GET path=System/deviceInfo
[ISAPI ENTRY] method=GET path=System/deviceInfo
[ISAPI ENTRY] method=GET path=System/deviceInfo
[ISAPI ENTRY] method=GET path=System/deviceInfo
[ISAPI ENTRY] method=GET path=System/deviceInfo
[ISAPI ENTRY] method=GET path=System/deviceInfo
[ISAPI ENTRY] method=GET path=System/deviceInfo
[ISAPI ENTRY] method=GET path=System/deviceInfo
[ISAPI ENTRY] method=GET path=System/deviceInfo
[ISAPI ENTRY] method=GET path=System/deviceInfo
[ISAPI ENTRY] method=GET path=System/deviceInfo
[ISAPI ENTRY] method=GET path=System/deviceInfo
[ISAPI ENTRY] method=GET path=System/deviceInfo
[ISAPI ENTRY] method=GET path=System/deviceInfo
[ISAPI ENTRY] method=GET path=System/deviceInfo
[ISAPI ENTRY] method=GET path=System/deviceInfo
[ISAPI ENTRY] method=GET path=System/deviceInfo
[ISAPI ENTRY] method=GET path=System/deviceInfo
[ISAPI ENTRY] method=GET path=System/deviceInfo
[ISAPI ENTRY] method=GET path=System/deviceInfo
[ISAPI ENTRY] method=GET path=System/deviceInfo
[ISAPI ENTRY] method=GET path=System/deviceInfo
[ISAPI ENTRY] method=GET path=System/deviceInfo
[ISAPI ENTRY] method=GET path=System/deviceInfo
[ISAPI ENTRY] method=GET path=System/deviceInfo
[ISAPI ENTRY] method=GET path=System/deviceInfo
[ISAPI ENTRY] method=GET path=System/deviceInfo
[ISAPI ENTRY] method=GET path=System/deviceInfo
[ISAPI ENTRY] method=GET path=System/deviceInfo
[ISAPI ENTRY] method=GET path=System/deviceInfo
[ISAPI ENTRY] method=GET path=System/deviceInfo
[ISAPI ENTRY] method=GET path=System/deviceInfo
[ISAPI ENTRY] method=GET path=System/deviceInfo
[ISAPI ENTRY] method=GET path=System/deviceInfo
[ISAPI ENTRY] method=GET path=System/deviceInfo
[ISAPI ENTRY] method=GET path=System/deviceInfo
[ISAPI ENTRY] method=GET path=System/deviceInfo
[ISAPI ENTRY] method=GET path=System/deviceInfo
[ISAPI ENTRY] method=GET path=System/deviceInfo
[ISAPI ENTRY] method=GET path=System/deviceInfo
[ISAPI ENTRY] method=GET path=System/deviceInfo
[ISAPI ENTRY] method=GET path=System/deviceInfo
[ISAPI ENTRY] method=GET path=System/deviceInfo
[ISAPI ENTRY] method=GET path=System/deviceInfo
[ISAPI ENTRY] method=GET path=System/deviceInfo
[ISAPI ENTRY] method=GET path=System/deviceInfo
[ISAPI ENTRY] method=GET path=System/deviceInfo
[ISAPI ENTRY] method=GET path=System/deviceInfo
[ISAPI ENTRY] method=GET path=System/deviceInfo
[ISAPI ENTRY] method=GET path=System/deviceInfo
[ISAPI ENTRY] method=GET path=System/deviceInfo
[ISAPI ENTRY] method=GET path=System/deviceInfo
[ISAPI ENTRY] method=GET path=System/deviceInfo
[ISAPI ENTRY] method=GET path=System/deviceInfo
[ISAPI ENTRY] method=GET path=System/deviceInfo
[ISAPI ENTRY] method=GET path=System/deviceInfo
[ISAPI ENTRY] method=GET path=System/deviceInfo
[ISAPI ENTRY] method=GET path=System/deviceInfo
[ISAPI ENTRY] method=GET path=System/deviceInfo
[ISAPI ENTRY] method=GET path=System/deviceInfo
[ISAPI ENTRY] method=GET path=System/deviceInfo
[ISAPI ENTRY] method=GET path=System/deviceInfo
[ISAPI ENTRY] method=GET path=System/deviceInfo
[ISAPI ENTRY] method=GET path=System/deviceInfo
[ISAPI ENTRY] method=GET path=System/deviceInfo
[ISAPI ENTRY] method=GET path=System/deviceInfo
[ISAPI ENTRY] method=GET path=System/deviceInfo
[ISAPI ENTRY] method=GET path=System/deviceInfo
[ISAPI ENTRY] method=GET path=System/deviceInfo
[ISAPI ENTRY] method=GET path=System/deviceInfo
[ISAPI ENTRY] method=GET path=System/deviceInfo
[ISAPI ENTRY] method=GET path=System/deviceInfo
[ISAPI ENTRY] method=GET path=System/deviceInfo
[ISAPI ENTRY] method=GET path=System/deviceInfo
[ISAPI ENTRY] method=GET path=System/deviceInfo
[ISAPI ENTRY] method=GET path=System/deviceInfo
[ISAPI ENTRY] method=GET path=System/deviceInfo
[ISAPI ENTRY] method=GET path=System/deviceInfo
[ISAPI ENTRY] method=GET path=System/deviceInfo
[ISAPI ENTRY] method=GET path=System/deviceInfo
[ISAPI ENTRY] method=GET path=System/deviceInfo
[ISAPI ENTRY] method=GET path=System/deviceInfo
[ISAPI ENTRY] method=GET path=System/deviceInfo
[ISAPI ENTRY] method=GET path=System/deviceInfo
[ISAPI ENTRY] method=GET path=System/deviceInfo
[ISAPI ENTRY] method=GET path=System/deviceInfo
[ISAPI ENTRY] method=GET path=System/deviceInfo
[ISAPI ENTRY] method=GET path=System/deviceInfo
[ISAPI ENTRY] method=GET path=System/deviceInfo
[ISAPI ENTRY] method=GET path=System/deviceInfo
[ISAPI ENTRY] method=GET path=System/deviceInfo
[ISAPI ENTRY] method=GET path=System/deviceInfo
[ISAPI ENTRY] method=GET path=System/deviceInfo
[ISAPI ENTRY] method=GET path=System/deviceInfo
[ISAPI ENTRY] method=GET path=System/deviceInfo
[ISAPI ENTRY] method=GET path=System/deviceInfo
[ISAPI ENTRY] method=GET path=System/deviceInfo
[ISAPI ENTRY] method=GET path=System/deviceInfo
[ISAPI ENTRY] method=GET path=System/deviceInfo
[ISAPI ENTRY] method=GET path=System/deviceInfo
[ISAPI ENTRY] method=GET path=System/deviceInfo
[ISAPI ENTRY] method=GET path=System/deviceInfo
[ISAPI ENTRY] method=GET path=System/deviceInfo
[ISAPI ENTRY] method=GET path=System/deviceInfo
[ISAPI ENTRY] method=GET path=System/deviceInfo
[ISAPI ENTRY] method=GET path=System/deviceInfo
[ISAPI ENTRY] method=GET path=System/deviceInfo
[ISAPI ENTRY] method=GET path=System/deviceInfo
[ISAPI ENTRY] method=GET path=System/deviceInfo
[ISAPI ENTRY] method=GET path=System/deviceInfo
[ISAPI ENTRY] method=GET path=System/deviceInfo
[ISAPI ENTRY] method=GET path=System/deviceInfo
[ISAPI ENTRY] method=GET path=System/deviceInfo
[ISAPI ENTRY] method=GET path=System/deviceInfo
[ISAPI ENTRY] method=GET path=System/deviceInfo
[ISAPI ENTRY] method=GET path=System/deviceInfo
[ISAPI ENTRY] method=GET path=System/deviceInfo
[ISAPI ENTRY] method=GET path=System/deviceInfo
[ISAPI ENTRY] method=GET path=System/deviceInfo
[ISAPI ENTRY] method=GET path=System/deviceInfo
[ISAPI ENTRY] method=GET path=System/deviceInfo
[ISAPI ENTRY] method=GET path=System/deviceInfo
[ISAPI ENTRY] method=GET path=System/deviceInfo
[ISAPI ENTRY] method=GET path=System/deviceInfo
[ISAPI ENTRY] method=GET path=System/deviceInfo
[ISAPI ENTRY] method=GET path=System/deviceInfo
[ISAPI ENTRY] method=GET path=System/deviceInfo
[ISAPI ENTRY] method=GET path=System/deviceInfo
[ISAPI ENTRY] method=GET path=System/deviceInfo
[ISAPI ENTRY] method=GET path=System/deviceInfo
[ISAPI ENTRY] method=GET path=System/deviceInfo
[ISAPI ENTRY] method=GET path=System/deviceInfo
[ISAPI ENTRY] method=GET path=System/deviceInfo
[ISAPI ENTRY] method=GET path=System/deviceInfo
[ISAPI ENTRY] method=GET path=System/deviceInfo
[ISAPI ENTRY] method=GET path=System/deviceInfo
[ISAPI ENTRY] method=GET path=System/deviceInfo
[ISAPI ENTRY] method=GET path=System/deviceInfo
[ISAPI ENTRY] method=GET path=System/deviceInfo
[ISAPI ENTRY] method=GET path=System/deviceInfo
[ISAPI ENTRY] method=GET path=System/deviceInfo
[ISAPI ENTRY] method=GET path=System/deviceInfo
[ISAPI ENTRY] method=GET path=System/deviceInfo
[ISAPI ENTRY] method=GET path=System/deviceInfo
[ISAPI ENTRY] method=GET path=System/deviceInfo
[ISAPI ENTRY] method=GET path=System/deviceInfo
[ISAPI ENTRY] method=GET path=System/deviceInfo
[ISAPI ENTRY] method=GET path=System/deviceInfo
[ISAPI ENTRY] method=GET path=System/deviceInfo
[ISAPI ENTRY] method=GET path=System/deviceInfo
[ISAPI ENTRY] method=GET path=System/deviceInfo
[ISAPI ENTRY] method=GET path=System/deviceInfo
[ISAPI ENTRY] method=GET path=System/deviceInfo
[ISAPI ENTRY] method=GET path=System/deviceInfo
[ISAPI ENTRY] method=GET path=System/deviceInfo
[ISAPI ENTRY] method=GET path=System/deviceInfo
[ISAPI ENTRY] method=GET path=System/deviceInfo
[ISAPI ENTRY] method=GET path=System/deviceInfo
[ISAPI ENTRY] method=GET path=System/deviceInfo
[ISAPI ENTRY] method=GET path=System/deviceInfo
[ISAPI ENTRY] method=GET path=System/deviceInfo
[ISAPI ENTRY] method=GET path=System/deviceInfo
[ISAPI ENTRY] method=GET path=System/deviceInfo
[ISAPI ENTRY] method=GET path=System/deviceInfo
[ISAPI ENTRY] method=GET path=System/deviceInfo
[ISAPI ENTRY] method=GET path=System/deviceInfo
[ISAPI ENTRY] method=GET path=System/deviceInfo
[ISAPI ENTRY] method=GET path=System/deviceInfo
[ISAPI ENTRY] method=GET path=System/deviceInfo
[ISAPI ENTRY] method=GET path=System/deviceInfo
[ISAPI ENTRY] method=GET path=System/deviceInfo
[ISAPI ENTRY] method=GET path=System/deviceInfo
[ISAPI ENTRY] method=GET path=System/deviceInfo
[ISAPI ENTRY] method=GET path=System/deviceInfo
[ISAPI ENTRY] method=GET path=System/deviceInfo
[ISAPI ENTRY] method=GET path=System/deviceInfo
[ISAPI ENTRY] method=GET path=System/deviceInfo
[ISAPI ENTRY] method=GET path=System/deviceInfo
[ISAPI ENTRY] method=GET path=System/deviceInfo
[ISAPI ENTRY] method=GET path=System/deviceInfo
[ISAPI ENTRY] method=GET path=System/deviceInfo
[ISAPI ENTRY] method=GET path=System/deviceInfo
[ISAPI ENTRY] method=GET path=System/deviceInfo
[ISAPI ENTRY] method=GET path=System/deviceInfo
[ISAPI ENTRY] method=GET path=System/deviceInfo
[ISAPI ENTRY] method=GET path=System/deviceInfo
[ISAPI ENTRY] method=GET path=System/deviceInfo
[ISAPI ENTRY] method=GET path=System/deviceInfo
[ISAPI ENTRY] method=GET path=System/deviceInfo
[ISAPI ENTRY] method=GET path=System/deviceInfo
[ISAPI ENTRY] method=GET path=System/deviceInfo
[ISAPI ENTRY] method=GET path=System/deviceInfo
[ISAPI ENTRY] method=GET path=System/deviceInfo
[ISAPI ENTRY] method=GET path=System/deviceInfo
[ISAPI ENTRY] method=GET path=System/deviceInfo
[ISAPI ENTRY] method=GET path=System/deviceInfo
[ISAPI ENTRY] method=GET path=System/deviceInfo
[ISAPI ENTRY] method=GET path=System/deviceInfo
[ISAPI ENTRY] method=GET path=System/deviceInfo
[ISAPI ENTRY] method=GET path=System/deviceInfo
[ISAPI ENTRY] method=GET path=System/deviceInfo
[ISAPI ENTRY] method=GET path=System/deviceInfo
[ISAPI ENTRY] method=GET path=System/deviceInfo
[ISAPI ENTRY] method=GET path=System/deviceInfo
[ISAPI ENTRY] method=GET path=System/deviceInfo
[ISAPI ENTRY] method=GET path=System/deviceInfo
[ISAPI ENTRY] method=GET path=System/deviceInfo
[ISAPI ENTRY] method=GET path=System/deviceInfo
[ISAPI ENTRY] method=GET path=System/deviceInfo
[ISAPI ENTRY] method=GET path=System/deviceInfo
[ISAPI ENTRY] method=GET path=System/deviceInfo
[ISAPI ENTRY] method=GET path=System/deviceInfo
[ISAPI ENTRY] method=GET path=System/deviceInfo
[ISAPI ENTRY] method=GET path=System/deviceInfo
[ISAPI ENTRY] method=GET path=System/deviceInfo
[ISAPI ENTRY] method=GET path=System/deviceInfo
[ISAPI ENTRY] method=GET path=System/deviceInfo
[ISAPI ENTRY] method=GET path=System/deviceInfo
[ISAPI ENTRY] method=GET path=System/deviceInfo
[ISAPI ENTRY] method=GET path=System/deviceInfo
[ISAPI ENTRY] method=GET path=System/deviceInfo
[ISAPI ENTRY] method=GET path=System/deviceInfo
[ISAPI ENTRY] method=GET path=System/deviceInfo
[ISAPI ENTRY] method=GET path=System/deviceInfo
[ISAPI ENTRY] method=GET path=System/deviceInfo
[ISAPI ENTRY] method=GET path=System/deviceInfo
[ISAPI ENTRY] method=GET path=System/deviceInfo
[ISAPI ENTRY] method=GET path=System/deviceInfo
[ISAPI ENTRY] method=GET path=System/deviceInfo
[ISAPI ENTRY] method=GET path=System/deviceInfo
[ISAPI ENTRY] method=GET path=System/deviceInfo
[ISAPI ENTRY] method=GET path=System/deviceInfo
[ISAPI ENTRY] method=GET path=System/deviceInfo
[ISAPI ENTRY] method=GET path=System/deviceInfo
[ISAPI ENTRY] method=GET path=System/deviceInfo
[ISAPI ENTRY] method=GET path=System/deviceInfo
[ISAPI ENTRY] method=GET path=System/deviceInfo
[ISAPI ENTRY] method=GET path=System/deviceInfo
[ISAPI ENTRY] method=GET path=System/deviceInfo
[ISAPI ENTRY] method=GET path=System/deviceInfo
[ISAPI ENTRY] method=GET path=System/deviceInfo
[ISAPI ENTRY] method=GET path=System/deviceInfo
[ISAPI ENTRY] method=GET path=System/deviceInfo
[ISAPI ENTRY] method=GET path=System/deviceInfo
[ISAPI ENTRY] method=GET path=System/deviceInfo
[ISAPI ENTRY] method=GET path=System/deviceInfo
[ISAPI ENTRY] method=GET path=System/deviceInfo
[ISAPI ENTRY] method=GET path=System/deviceInfo
[ISAPI ENTRY] method=GET path=System/deviceInfo
[ISAPI ENTRY] method=GET path=System/deviceInfo
[ISAPI ENTRY] method=GET path=System/deviceInfo
[ISAPI ENTRY] method=GET path=System/deviceInfo
[ISAPI ENTRY] method=GET path=System/deviceInfo
[ISAPI ENTRY] method=GET path=System/deviceInfo
[ISAPI ENTRY] method=GET path=System/deviceInfo
[ISAPI ENTRY] method=GET path=System/deviceInfo
[ISAPI ENTRY] method=GET path=System/deviceInfo
[ISAPI ENTRY] method=GET path=System/deviceInfo
[ISAPI ENTRY] method=GET path=System/deviceInfo
[ISAPI ENTRY] method=GET path=System/deviceInfo
[ISAPI ENTRY] method=GET path=System/deviceInfo
[ISAPI ENTRY] method=GET path=System/deviceInfo
[ISAPI ENTRY] method=GET path=System/deviceInfo
[ISAPI ENTRY] method=GET path=System/deviceInfo
[ISAPI ENTRY] method=GET path=System/deviceInfo
[ISAPI ENTRY] method=GET path=System/deviceInfo
[ISAPI ENTRY] method=GET path=System/deviceInfo
[ISAPI ENTRY] method=GET path=System/deviceInfo
[ISAPI ENTRY] method=GET path=System/deviceInfo
[ISAPI ENTRY] method=GET path=System/deviceInfo
[ISAPI ENTRY] method=GET path=System/deviceInfo
[ISAPI ENTRY] method=GET path=System/deviceInfo
[ISAPI ENTRY] method=GET path=System/deviceInfo
[ISAPI ENTRY] method=GET path=System/deviceInfo
[ISAPI ENTRY] method=GET path=System/deviceInfo
[ISAPI ENTRY] method=GET path=System/deviceInfo
[ISAPI ENTRY] method=GET path=System/deviceInfo
[ISAPI ENTRY] method=GET path=System/deviceInfo
[ISAPI ENTRY] method=GET path=System/deviceInfo
[ISAPI ENTRY] method=GET path=System/deviceInfo
[ISAPI ENTRY] method=GET path=System/deviceInfo
[ISAPI ENTRY] method=GET path=System/deviceInfo
[ISAPI ENTRY] method=GET path=System/deviceInfo
[ISAPI ENTRY] method=GET path=System/deviceInfo
[ISAPI ENTRY] method=GET path=System/deviceInfo
[ISAPI ENTRY] method=GET path=System/deviceInfo
[ISAPI ENTRY] method=GET path=System/deviceInfo
[ISAPI ENTRY] method=GET path=System/deviceInfo
[ISAPI ENTRY] method=PUT path=Security/sessionLogout
[ISAPI ENTRY] method=GET path=Security/sessionLogin/capabilities
[ISAPI ENTRY] method=GET path=Security/sessionLogin/capabilities
[ISAPI ENTRY] method=GET path=Security/sessionLogin/capabilities
[ISAPI ENTRY] method=GET path=Security/sessionLogin/capabilities
[ISAPI ENTRY] method=POST path=Security/sessionLogin
[ISAPI POST] path=Security/sessionLogin body=<SessionLogin><userName>admin</userName><password>4631661cd7c33b44459ea2439485aa044d94bf92ab78b2f4a202eeffb7451e1f</password><sessionID>b59ecc84bb9381ddf1257e6c1f497d2ae8a37cf919be6bfae12abcb6840ba77a
[ISAPI ENTRY] method=POST path=Security/sessionLogin
[ISAPI POST] path=Security/sessionLogin body=<SessionLogin><userName>admin</userName><password>4631661cd7c33b44459ea2439485aa044d94bf92ab78b2f4a202eeffb7451e1f</password><sessionID>b59ecc84bb9381ddf1257e6c1f497d2ae8a37cf919be6bfae12abcb6840ba77a
[ISAPI ENTRY] method=GET path=System/capabilities
[ISAPI ENTRY] method=GET path=Security/capabilities
[ISAPI ENTRY] method=GET path=System/Network/PPPoE/1/status
[ISAPI ENTRY] method=GET path=System/Network/Bond
[ISAPI ENTRY] method=GET path=System/Network/interfaces
[ISAPI ENTRY] method=GET path=Security/adminAccesses
[ISAPI ENTRY] method=GET path=Security/token
[ISAPI ENTRY] method=GET path=System/Video/inputs/channels
[ISAPI ENTRY] method=GET path=ContentMgmt/InputProxy/channels
[ISAPI ENTRY] method=GET path=ContentMgmt/ZeroVideo/channels
[ISAPI ENTRY] method=GET path=System/deviceInfo
[ISAPI ENTRY] method=GET path=System/deviceInfo
[ISAPI ENTRY] method=GET path=System/deviceInfo
[ISAPI ENTRY] method=GET path=System/deviceInfo
[ISAPI ENTRY] method=GET path=System/deviceInfo
[ISAPI ENTRY] method=GET path=System/deviceInfo
[ISAPI ENTRY] method=GET path=System/deviceInfo
[ISAPI ENTRY] method=GET path=System/deviceInfo
[ISAPI ENTRY] method=GET path=System/deviceInfo
[ISAPI ENTRY] method=GET path=System/deviceInfo
[ISAPI ENTRY] method=GET path=System/deviceInfo
[ISAPI ENTRY] method=GET path=System/deviceInfo
[ISAPI ENTRY] method=GET path=System/deviceInfo
[ISAPI ENTRY] method=GET path=System/deviceInfo
[ISAPI ENTRY] method=GET path=System/deviceInfo
[ISAPI ENTRY] method=GET path=System/deviceInfo
[ISAPI ENTRY] method=GET path=System/deviceInfo
[ISAPI ENTRY] method=GET path=System/deviceInfo
[ISAPI ENTRY] method=GET path=System/deviceInfo
[ISAPI ENTRY] method=GET path=System/deviceInfo
[ISAPI ENTRY] method=GET path=System/deviceInfo
[ISAPI ENTRY] method=GET path=System/deviceInfo
[ISAPI ENTRY] method=GET path=System/deviceInfo
[ISAPI ENTRY] method=GET path=System/deviceInfo
[ISAPI ENTRY] method=GET path=System/deviceInfo
[ISAPI ENTRY] method=GET path=Security/sessionLogin/capabilities
[ISAPI ENTRY] method=GET path=Security/sessionLogin/capabilities
[ISAPI ENTRY] method=POST path=Security/sessionLogin
[ISAPI POST] path=Security/sessionLogin body=<SessionLogin><userName>admin</userName><password>54071fb063563cfb6bb8bf0bbcef61a8af2b2e5d89d66f290748abf2709b17b6</password><sessionID>7495433eade7b6d8f3d2ef708d5711cc6556b50bfaa1f42ba61af4c7fbaff1c1
[ISAPI ENTRY] method=GET path=System/capabilities
[ISAPI ENTRY] method=GET path=Security/capabilities
[ISAPI ENTRY] method=GET path=System/Network/PPPoE/1/status
[ISAPI ENTRY] method=GET path=System/Network/Bond
[ISAPI ENTRY] method=GET path=System/Network/interfaces
[ISAPI ENTRY] method=GET path=Security/adminAccesses
[ISAPI ENTRY] method=GET path=Security/token
[ISAPI ENTRY] method=GET path=ContentMgmt/InputProxy/channels
[ISAPI ENTRY] method=GET path=System/Video/inputs/channels
[ISAPI ENTRY] method=GET path=ContentMgmt/ZeroVideo/channels
[ISAPI ENTRY] method=GET path=Security/token
[ISAPI ENTRY] method=GET path=System/deviceInfo
[ISAPI ENTRY] method=GET path=System/deviceInfo
[ISAPI ENTRY] method=GET path=System/deviceInfo
[ISAPI ENTRY] method=GET path=System/deviceInfo
[ISAPI ENTRY] method=GET path=System/deviceInfo
[ISAPI ENTRY] method=GET path=System/deviceInfo
[ISAPI ENTRY] method=GET path=System/deviceInfo
[ISAPI ENTRY] method=GET path=System/deviceInfo
[ISAPI ENTRY] method=GET path=System/deviceInfo
[ISAPI ENTRY] method=GET path=System/deviceInfo
[ISAPI ENTRY] method=GET path=System/deviceInfo
[ISAPI ENTRY] method=GET path=System/deviceInfo
[ISAPI ENTRY] method=GET path=System/deviceInfo
[ISAPI ENTRY] method=GET path=System/deviceInfo
[ISAPI ENTRY] method=GET path=System/deviceInfo
[ISAPI ENTRY] method=GET path=System/deviceInfo
[ISAPI ENTRY] method=GET path=System/deviceInfo
[ISAPI ENTRY] method=GET path=System/deviceInfo
[ISAPI ENTRY] method=GET path=System/deviceInfo
[ISAPI ENTRY] method=GET path=System/deviceInfo
[ISAPI ENTRY] method=GET path=System/deviceInfo
[ISAPI ENTRY] method=GET path=System/deviceInfo
[ISAPI ENTRY] method=GET path=System/deviceInfo
[ISAPI ENTRY] method=GET path=System/deviceInfo
[ISAPI ENTRY] method=PUT path=Security/sessionLogout
[ISAPI ENTRY] method=GET path=Security/sessionLogin/capabilities
[ISAPI ENTRY] method=GET path=Security/sessionLogin/capabilities
[ISAPI ENTRY] method=GET path=Security/sessionLogin/capabilities
[ISAPI ENTRY] method=GET path=Security/sessionLogin/capabilities
[ISAPI ENTRY] method=GET path=Security/sessionLogin/capabilities
[ISAPI ENTRY] method=POST path=Security/sessionLogin
[ISAPI POST] path=Security/sessionLogin body=<SessionLogin><userName>admin</userName><password>2074c180eaf9da8dc13ec07a487d31a38ee5d8ead2cc3307d1750f3b8eb97915</password><sessionID>35c14143d611e83a7ea05e055d7a1b131306595dad4b6552b482152c9c5b8fe6
[ISAPI ENTRY] method=GET path=Security/sessionLogin/capabilities
[ISAPI ENTRY] method=POST path=Security/sessionLogin
[ISAPI POST] path=Security/sessionLogin body=<SessionLogin><userName>admin</userName><password>2074c180eaf9da8dc13ec07a487d31a38ee5d8ead2cc3307d1750f3b8eb97915</password><sessionID>35c14143d611e83a7ea05e055d7a1b131306595dad4b6552b482152c9c5b8fe6
[ISAPI ENTRY] method=POST path=Security/sessionLogin
[ISAPI POST] path=Security/sessionLogin body=<SessionLogin><userName>admin</userName><password>2074c180eaf9da8dc13ec07a487d31a38ee5d8ead2cc3307d1750f3b8eb97915</password><sessionID>35c14143d611e83a7ea05e055d7a1b131306595dad4b6552b482152c9c5b8fe6
[ISAPI ENTRY] method=GET path=System/capabilities
[ISAPI ENTRY] method=GET path=Security/capabilities
[ISAPI ENTRY] method=GET path=Security/token
[ISAPI ENTRY] method=GET path=System/deviceInfo
[ISAPI ENTRY] method=GET path=System/Video/inputs/channels
[ISAPI ENTRY] method=GET path=System/TwoWayAudio/channels
[ISAPI ENTRY] method=GET path=System/capabilities
[ISAPI ENTRY] method=GET path=Security/capabilities
[ISAPI ENTRY] method=GET path=System/Network/PPPoE/1/status
[ISAPI ENTRY] method=GET path=System/Network/Bond
[ISAPI ENTRY] method=GET path=System/Network/interfaces
[ISAPI ENTRY] method=GET path=Security/adminAccesses
[ISAPI ENTRY] method=GET path=Security/token
[ISAPI ENTRY] method=GET path=System/Network/PPPoE/1/status
[ISAPI ENTRY] method=GET path=System/Network/Bond
[ISAPI ENTRY] method=GET path=System/Network/interfaces
[ISAPI ENTRY] method=GET path=Security/adminAccesses
[ISAPI ENTRY] method=GET path=Security/token
[ISAPI ENTRY] method=GET path=System/Video/inputs/channels
[ISAPI ENTRY] method=GET path=ContentMgmt/InputProxy/channels
[ISAPI ENTRY] method=GET path=ContentMgmt/ZeroVideo/channels
[ISAPI ENTRY] method=GET path=System/Video/inputs/channels
[ISAPI ENTRY] method=GET path=ContentMgmt/InputProxy/channels
[ISAPI ENTRY] method=GET path=ContentMgmt/ZeroVideo/channels
[ISAPI ENTRY] method=GET path=Security/token
[ISAPI ENTRY] method=GET path=Security/token
[ISAPI ENTRY] method=GET path=System/deviceInfo
[ISAPI ENTRY] method=GET path=System/deviceInfo
[ISAPI ENTRY] method=GET path=System/deviceInfo
[ISAPI ENTRY] method=GET path=System/deviceInfo
[ISAPI ENTRY] method=GET path=System/deviceInfo
[ISAPI ENTRY] method=GET path=System/deviceInfo
[ISAPI ENTRY] method=GET path=System/deviceInfo
[ISAPI ENTRY] method=GET path=System/deviceInfo
[ISAPI ENTRY] method=GET path=System/deviceInfo
[ISAPI ENTRY] method=GET path=System/deviceInfo
[ISAPI ENTRY] method=GET path=System/deviceInfo
[ISAPI ENTRY] method=GET path=System/deviceInfo
[ISAPI ENTRY] method=GET path=System/deviceInfo
[ISAPI ENTRY] method=GET path=System/deviceInfo
[ISAPI ENTRY] method=GET path=System/deviceInfo
[ISAPI ENTRY] method=GET path=System/deviceInfo
[ISAPI ENTRY] method=GET path=System/deviceInfo
[ISAPI ENTRY] method=GET path=System/deviceInfo
[ISAPI ENTRY] method=GET path=System/deviceInfo
[ISAPI ENTRY] method=GET path=System/deviceInfo
[ISAPI ENTRY] method=GET path=System/deviceInfo
[ISAPI ENTRY] method=GET path=System/deviceInfo
[ISAPI ENTRY] method=GET path=System/deviceInfo
[ISAPI ENTRY] method=GET path=System/deviceInfo
[ISAPI ENTRY] method=GET path=System/deviceInfo
[ISAPI ENTRY] method=GET path=System/deviceInfo
[ISAPI ENTRY] method=GET path=System/deviceInfo
[ISAPI ENTRY] method=GET path=System/deviceInfo
[ISAPI ENTRY] method=GET path=System/deviceInfo
[ISAPI ENTRY] method=GET path=System/deviceInfo
[ISAPI ENTRY] method=GET path=System/deviceInfo
[ISAPI ENTRY] method=GET path=System/deviceInfo
[ISAPI ENTRY] method=GET path=System/deviceInfo
[ISAPI ENTRY] method=GET path=System/deviceInfo
[ISAPI ENTRY] method=GET path=System/deviceInfo
[ISAPI ENTRY] method=GET path=System/deviceInfo
[ISAPI ENTRY] method=GET path=System/deviceInfo
[ISAPI ENTRY] method=GET path=System/deviceInfo
[ISAPI ENTRY] method=GET path=System/deviceInfo
[ISAPI ENTRY] method=GET path=System/deviceInfo
[ISAPI ENTRY] method=GET path=System/deviceInfo
[ISAPI ENTRY] method=GET path=System/deviceInfo
[ISAPI ENTRY] method=GET path=System/deviceInfo
[ISAPI ENTRY] method=GET path=System/deviceInfo
[ISAPI ENTRY] method=GET path=System/deviceInfo
[ISAPI ENTRY] method=GET path=System/deviceInfo
[ISAPI ENTRY] method=GET path=System/deviceInfo
[ISAPI ENTRY] method=GET path=System/deviceInfo
[ISAPI ENTRY] method=GET path=System/deviceInfo
[ISAPI ENTRY] method=GET path=System/deviceInfo
[ISAPI ENTRY] method=GET path=System/deviceInfo
[ISAPI ENTRY] method=GET path=System/deviceInfo
[ISAPI ENTRY] method=GET path=System/deviceInfo
[ISAPI ENTRY] method=GET path=System/deviceInfo
[ISAPI ENTRY] method=GET path=System/deviceInfo
[ISAPI ENTRY] method=GET path=System/deviceInfo
[ISAPI ENTRY] method=GET path=System/deviceInfo
[ISAPI ENTRY] method=GET path=System/deviceInfo
[ISAPI ENTRY] method=GET path=System/deviceInfo
[ISAPI ENTRY] method=GET path=System/deviceInfo
[ISAPI ENTRY] method=GET path=System/deviceInfo
[ISAPI ENTRY] method=GET path=System/deviceInfo
[ISAPI ENTRY] method=GET path=System/deviceInfo
[ISAPI ENTRY] method=GET path=System/deviceInfo
[ISAPI ENTRY] method=GET path=System/deviceInfo
[ISAPI ENTRY] method=GET path=System/deviceInfo
[ISAPI ENTRY] method=GET path=System/deviceInfo
[ISAPI ENTRY] method=GET path=System/deviceInfo
[ISAPI ENTRY] method=GET path=System/deviceInfo
[ISAPI ENTRY] method=GET path=System/deviceInfo
[ISAPI ENTRY] method=GET path=System/deviceInfo
[ISAPI ENTRY] method=GET path=System/deviceInfo
[ISAPI ENTRY] method=GET path=System/deviceInfo
[ISAPI ENTRY] method=GET path=System/deviceInfo
[ISAPI ENTRY] method=GET path=System/deviceInfo
[ISAPI ENTRY] method=GET path=System/deviceInfo
[ISAPI ENTRY] method=GET path=System/deviceInfo
[ISAPI ENTRY] method=GET path=System/deviceInfo
[ISAPI ENTRY] method=GET path=System/deviceInfo
[ISAPI ENTRY] method=GET path=System/deviceInfo
[ISAPI ENTRY] method=GET path=System/deviceInfo
[ISAPI ENTRY] method=GET path=System/deviceInfo
[ISAPI ENTRY] method=GET path=System/deviceInfo
[ISAPI ENTRY] method=GET path=System/deviceInfo
[ISAPI ENTRY] method=GET path=System/deviceInfo
[ISAPI ENTRY] method=GET path=System/deviceInfo
[ISAPI ENTRY] method=GET path=System/deviceInfo
[ISAPI ENTRY] method=GET path=System/deviceInfo
[ISAPI ENTRY] method=GET path=Security/sessionLogin/capabilities
[ISAPI ENTRY] method=GET path=Security/sessionLogin/capabilities
[ISAPI ENTRY] method=GET path=Security/sessionLogin/capabilities
[ISAPI ENTRY] method=GET path=Security/sessionLogin/capabilities
[ISAPI ENTRY] method=GET path=Security/sessionLogin/capabilities
[ISAPI ENTRY] method=POST path=Security/sessionLogin
[ISAPI POST] path=Security/sessionLogin body=<SessionLogin><userName>admin</userName><password>22f96bd38d249c3d2c75d0a063ba3202907faa3dda743149ba619370d3c9443e</password><sessionID>e1a08a778015ec6e60691e6fa2c989a426c6c17764e6f94168197d16d64b8ca4
[ISAPI ENTRY] method=GET path=Security/sessionLogin/capabilities
[ISAPI ENTRY] method=POST path=Security/sessionLogin
[ISAPI POST] path=Security/sessionLogin body=<SessionLogin><userName>admin</userName><password>22f96bd38d249c3d2c75d0a063ba3202907faa3dda743149ba619370d3c9443e</password><sessionID>e1a08a778015ec6e60691e6fa2c989a426c6c17764e6f94168197d16d64b8ca4
[ISAPI ENTRY] method=GET path=System/capabilities
[ISAPI ENTRY] method=GET path=Security/capabilities
[ISAPI ENTRY] method=POST path=Security/sessionLogin
[ISAPI POST] path=Security/sessionLogin body=<SessionLogin><userName>admin</userName><password>22f96bd38d249c3d2c75d0a063ba3202907faa3dda743149ba619370d3c9443e</password><sessionID>e1a08a778015ec6e60691e6fa2c989a426c6c17764e6f94168197d16d64b8ca4
[ISAPI ENTRY] method=GET path=Security/token
[ISAPI ENTRY] method=GET path=System/capabilities
[ISAPI ENTRY] method=GET path=System/deviceInfo
[ISAPI ENTRY] method=GET path=System/Video/inputs/channels
[ISAPI ENTRY] method=GET path=System/TwoWayAudio/channels
[ISAPI ENTRY] method=GET path=Security/capabilities
[ISAPI ENTRY] method=GET path=System/Network/PPPoE/1/status
[ISAPI ENTRY] method=GET path=System/Network/Bond
[ISAPI ENTRY] method=GET path=System/Network/interfaces
[ISAPI ENTRY] method=GET path=Security/adminAccesses
[ISAPI ENTRY] method=GET path=Security/token
[ISAPI ENTRY] method=GET path=System/Network/PPPoE/1/status
[ISAPI ENTRY] method=GET path=System/Network/Bond
[ISAPI ENTRY] method=GET path=System/Network/interfaces
[ISAPI ENTRY] method=GET path=Security/adminAccesses
[ISAPI ENTRY] method=GET path=Security/token
[ISAPI ENTRY] method=GET path=System/Video/inputs/channels
[ISAPI ENTRY] method=GET path=ContentMgmt/InputProxy/channels
[ISAPI ENTRY] method=GET path=ContentMgmt/ZeroVideo/channels
[ISAPI ENTRY] method=GET path=System/Video/inputs/channels
[ISAPI ENTRY] method=GET path=ContentMgmt/InputProxy/channels
[ISAPI ENTRY] method=GET path=ContentMgmt/ZeroVideo/channels
[ISAPI ENTRY] method=GET path=Security/token
[ISAPI ENTRY] method=GET path=Security/token
[ISAPI ENTRY] method=GET path=System/deviceInfo
[ISAPI ENTRY] method=GET path=System/deviceInfo
[ISAPI ENTRY] method=GET path=System/deviceInfo
[ISAPI ENTRY] method=GET path=System/deviceInfo
[ISAPI ENTRY] method=GET path=System/deviceInfo
[ISAPI ENTRY] method=GET path=System/deviceInfo
[ISAPI ENTRY] method=GET path=System/deviceInfo
[ISAPI ENTRY] method=GET path=System/deviceInfo
[ISAPI ENTRY] method=GET path=System/deviceInfo
[ISAPI ENTRY] method=GET path=System/deviceInfo
[ISAPI ENTRY] method=GET path=System/deviceInfo
[ISAPI ENTRY] method=GET path=System/deviceInfo
[ISAPI ENTRY] method=GET path=System/deviceInfo
[ISAPI ENTRY] method=GET path=System/deviceInfo
[ISAPI ENTRY] method=GET path=System/deviceInfo
[ISAPI ENTRY] method=GET path=System/deviceInfo
[ISAPI ENTRY] method=GET path=System/deviceInfo
[ISAPI ENTRY] method=GET path=System/deviceInfo
[ISAPI ENTRY] method=GET path=System/deviceInfo
[ISAPI ENTRY] method=GET path=System/deviceInfo
[ISAPI ENTRY] method=GET path=System/deviceInfo
[ISAPI ENTRY] method=GET path=System/deviceInfo
[ISAPI ENTRY] method=GET path=System/deviceInfo
[ISAPI ENTRY] method=GET path=System/deviceInfo
[ISAPI ENTRY] method=GET path=System/deviceInfo
[ISAPI ENTRY] method=GET path=System/deviceInfo
[ISAPI ENTRY] method=GET path=System/deviceInfo
[ISAPI ENTRY] method=GET path=System/deviceInfo
[ISAPI ENTRY] method=GET path=System/deviceInfo
[ISAPI ENTRY] method=GET path=System/deviceInfo
[ISAPI ENTRY] method=GET path=System/deviceInfo
[ISAPI ENTRY] method=GET path=System/deviceInfo
[ISAPI ENTRY] method=GET path=System/deviceInfo
[ISAPI ENTRY] method=GET path=System/deviceInfo
[ISAPI ENTRY] method=GET path=System/deviceInfo
[ISAPI ENTRY] method=GET path=System/deviceInfo
[ISAPI ENTRY] method=GET path=System/deviceInfo
[ISAPI ENTRY] method=GET path=System/deviceInfo
[ISAPI ENTRY] method=GET path=System/deviceInfo
[ISAPI ENTRY] method=GET path=System/deviceInfo
[ISAPI ENTRY] method=GET path=System/deviceInfo
[ISAPI ENTRY] method=GET path=System/deviceInfo
[ISAPI ENTRY] method=GET path=System/deviceInfo
[ISAPI ENTRY] method=GET path=System/deviceInfo
[ISAPI ENTRY] method=GET path=System/deviceInfo
[ISAPI ENTRY] method=GET path=System/deviceInfo
[ISAPI ENTRY] method=GET path=System/deviceInfo
[ISAPI ENTRY] method=GET path=System/deviceInfo
[ISAPI ENTRY] method=GET path=System/deviceInfo
[ISAPI ENTRY] method=GET path=System/deviceInfo
[ISAPI ENTRY] method=GET path=Security/sessionLogin/capabilities
[ISAPI ENTRY] method=GET path=Security/sessionLogin/capabilities
[ISAPI ENTRY] method=POST path=Security/sessionLogin
[ISAPI POST] path=Security/sessionLogin body=<SessionLogin><userName>admin</userName><password>a13304e781282dd8c769bfc7c961d930923ec98483e2fdb688a0b87d2ab87ea9</password><sessionID>61b200675c11a533d53d3d731f233cb5594886032bad0be2772941d0169ce0df
[ISAPI ENTRY] method=GET path=System/capabilities
[ISAPI ENTRY] method=GET path=Security/capabilities
[ISAPI ENTRY] method=GET path=System/Network/PPPoE/1/status
[ISAPI ENTRY] method=GET path=System/Network/Bond
[ISAPI ENTRY] method=GET path=System/Network/interfaces
[ISAPI ENTRY] method=GET path=Security/adminAccesses
[ISAPI ENTRY] method=GET path=Security/token
[ISAPI ENTRY] method=GET path=System/Video/inputs/channels
[ISAPI ENTRY] method=GET path=ContentMgmt/InputProxy/channels
[ISAPI ENTRY] method=GET path=ContentMgmt/ZeroVideo/channels
[ISAPI ENTRY] method=GET path=Security/token
[ISAPI ENTRY] method=GET path=System/deviceInfo
[ISAPI ENTRY] method=GET path=System/deviceInfo
[ISAPI ENTRY] method=GET path=System/deviceInfo
[ISAPI ENTRY] method=GET path=System/deviceInfo
[ISAPI ENTRY] method=GET path=System/deviceInfo
[ISAPI ENTRY] method=GET path=System/deviceInfo
[ISAPI ENTRY] method=GET path=System/deviceInfo
[ISAPI ENTRY] method=GET path=System/deviceInfo
[ISAPI ENTRY] method=GET path=System/deviceInfo
[ISAPI ENTRY] method=GET path=System/deviceInfo
[ISAPI ENTRY] method=GET path=System/deviceInfo
[ISAPI ENTRY] method=GET path=System/deviceInfo
[ISAPI ENTRY] method=GET path=System/deviceInfo
[ISAPI ENTRY] method=GET path=System/deviceInfo
[ISAPI ENTRY] method=GET path=System/deviceInfo
[ISAPI ENTRY] method=GET path=System/deviceInfo
[ISAPI ENTRY] method=GET path=System/deviceInfo
[ISAPI ENTRY] method=GET path=System/deviceInfo
[ISAPI ENTRY] method=GET path=System/deviceInfo
[ISAPI ENTRY] method=GET path=System/deviceInfo
