[2026-07-03 00:48:27.581] [INFO   ] [operation_logger] [ptz] focus_mode: {"device": "192.168.5.72", "mode": "auto"}
[2026-07-03 00:48:29.847] [INFO   ] [operation_logger] [ptz] focus_mode: {"device": "192.168.5.72", "mode": "manual"}
[2026-07-03 00:48:29.847] [INFO   ] [operation_logger] [web] ptz: 对焦模式: auto
[2026-07-03 00:48:31.926] [INFO   ] [operation_logger] [ptz] focus_mode: {"device": "192.168.5.72", "mode": "semiauto"}
[2026-07-03 00:48:32.057] [INFO   ] [operation_logger] [web] ptz: 对焦模式: manual
[2026-07-03 00:48:32.275] [INFO   ] [operation_logger] [web] ptz: 对焦模式: semiauto
[2026-07-03 00:48:34.644] [INFO   ] [operation_logger] [ptz] focus_mode: {"device": "192.168.5.72", "mode": "manual"}
[2026-07-03 00:48:35.088] [INFO   ] [operation_logger] [web] ptz: 对焦模式: manual
[2026-07-03 01:15:06.911] [INFO   ] [operation_logger] [web] ptz: 4k 32X DC: ISAPI已连接
[2026-07-03 01:15:10.232] [INFO   ] [operation_logger] [web] ptz: 正在获取预置点列表...
[2026-07-03 01:15:10.280] [INFO   ] [operation_logger] [web] ptz: 已加载 29 个预置点
[2026-07-03 01:15:23.246] [INFO   ] [operation_logger] [image] whitebalance: {"device": "192.168.5.72", "mode": "auto", "red": 100, "blue": 100}
[2026-07-03 01:15:23.433] [INFO   ] [operation_logger] [web] ptz: 白平衡: 自动
[2026-07-03 01:15:26.675] [INFO   ] [operation_logger] [image] whitebalance: {"device": "192.168.5.72", "mode": "manual", "red": 100, "blue": 100}
[2026-07-03 01:15:27.028] [INFO   ] [operation_logger] [web] ptz: 白平衡: 手动
[2026-07-03 01:15:30.989] [INFO   ] [operation_logger] [ptz] focus_mode: {"device": "192.168.5.72", "mode": "auto"}
[2026-07-03 01:15:31.502] [INFO   ] [operation_logger] [web] ptz: 对焦模式: auto
[2026-07-03 01:15:37.946] [INFO   ] [operation_logger] [ptz] focus_mode: {"device": "192.168.5.72", "mode": "semiauto"}
[2026-07-03 01:15:38.602] [INFO   ] [operation_logger] [web] ptz: 对焦模式: semiauto
[2026-07-03 01:15:41.488] [INFO   ] [operation_logger] [ptz] focus_mode: {"device": "192.168.5.72", "mode": "manual"}
[2026-07-03 01:15:45.558] [INFO   ] [operation_logger] [web] ptz: 对焦模式: manual
[2026-07-03 01:27:31.855] [INFO   ] [operation_logger] [api] connect: {"mac": "192.168.5.72"}
[2026-07-03 01:27:32.022] [INFO   ] [operation_logger] [connect] {'mac': '192.168.5.72', 'ip': '192.168.5.72', 'status': 'success'}: 
[2026-07-03 01:27:32.439] [INFO   ] [operation_logger] [web] ptz: 4k 32X DC: ISAPI已连接
[2026-07-03 01:27:32.997] [INFO   ] [operation_logger] [web] ptz: 正在获取预置点列表...
[2026-07-03 01:27:33.210] [INFO   ] [operation_logger] [web] ptz: 已加载 29 个预置点
[2026-07-03 01:31:53.694] [INFO   ] [operation_logger] [web] ptz: 4k 32X DC: ISAPI已连接
[2026-07-03 01:31:54.528] [INFO   ] [operation_logger] [web] ptz: 正在获取预置点列表...
[2026-07-03 01:31:54.551] [INFO   ] [operation_logger] [web] ptz: 已加载 29 个预置点
[2026-07-03 02:14:52.085] [INFO   ] [operation_logger] [web] ptz: 4k 32X DC: ISAPI已连接
[2026-07-03 02:14:55.099] [INFO   ] [operation_logger] [web] ptz: 正在获取预置点列表...
[2026-07-03 02:14:55.143] [INFO   ] [operation_logger] [web] ptz: 已加载 29 个预置点
[2026-07-03 02:15:08.131] [INFO   ] [operation_logger] [image] whitebalance: {"device": "192.168.5.72", "mode": "auto", "red": 100, "blue": 100}
[2026-07-03 02:15:08.140] [INFO   ] [operation_logger] [web] ptz: 白平衡: 自动
[2026-07-03 02:15:11.666] [INFO   ] [operation_logger] [image] whitebalance: {"device": "192.168.5.72", "mode": "manual", "red": 100, "blue": 100}
[2026-07-03 02:15:12.042] [INFO   ] [operation_logger] [web] ptz: 白平衡: 手动
[2026-07-03 02:15:44.172] [INFO   ] [operation_logger] [ptz] focus_mode: {"device": "192.168.5.72", "mode": "auto"}
[2026-07-03 02:15:44.717] [INFO   ] [operation_logger] [web] ptz: 对焦模式: auto
[2026-07-03 02:15:49.997] [INFO   ] [operation_logger] [ptz] focus_mode: {"device": "192.168.5.72", "mode": "semiauto"}
[2026-07-03 02:15:50.527] [INFO   ] [operation_logger] [web] ptz: 对焦模式: semiauto
[2026-07-03 02:15:53.343] [INFO   ] [operation_logger] [ptz] focus_mode: {"device": "192.168.5.72", "mode": "manual"}
[2026-07-03 02:15:58.297] [INFO   ] [operation_logger] [web] ptz: 对焦模式: manual
[2026-07-03 02:25:43.750] [INFO   ] [operation_logger] [web] ptz: 4k 32X DC: ISAPI已连接
[2026-07-03 02:25:47.106] [INFO   ] [operation_logger] [web] ptz: 正在获取预置点列表...
[2026-07-03 02:25:47.134] [INFO   ] [operation_logger] [web] ptz: 已加载 29 个预置点
[2026-07-03 02:26:00.102] [INFO   ] [operation_logger] [image] whitebalance: {"device": "192.168.5.72", "mode": "auto", "red": 33, "blue": 77}
[2026-07-03 02:26:00.111] [INFO   ] [operation_logger] [web] ptz: 白平衡: 自动
[2026-07-03 02:26:07.823] [INFO   ] [operation_logger] [image] whitebalance: {"device": "192.168.5.72", "mode": "manual", "red": 33, "blue": 77}
[2026-07-03 02:26:08.076] [INFO   ] [operation_logger] [web] ptz: 白平衡: 手动
[2026-07-03 02:26:09.317] [INFO   ] [operation_logger] [web] ptz: ── 白平衡迭代开始 ──
[2026-07-03 02:26:16.489] [INFO   ] [operation_logger] [web] ptz: 白平衡开始, X=1597~2239, Y=758~1401, 共412806像素
[2026-07-03 02:26:16.489] [DEBUG  ] [operation_logger] [web] ptz: 调整 #1: coarse R=105 B=95 → R=106.3 G=116.4 B=137.4 (Δ=0.2675)
[2026-07-03 02:26:16.489] [DEBUG  ] [operation_logger] [web] ptz: 调整 #2: coarse R=100 B=90 → R=221.6 G=2.7 B=125.7 (Δ=124.8723)
[2026-07-03 02:26:16.491] [DEBUG  ] [operation_logger] [web] ptz: 调整 #3: medium R=95 B=85 → R=217.2 G=2.5 B=115.9 (Δ=132.1207)
[2026-07-03 02:26:16.526] [DEBUG  ] [operation_logger] [web] ptz: 调整 #4: medium R=98 B=88 → R=214.2 G=2.6 B=102.2 (Δ=120.4099)
[2026-07-03 02:26:16.825] [DEBUG  ] [operation_logger] [web] ptz: 调整 #5: medium R=96 B=86 → R=215.6 G=2.6 B=106.3 (Δ=120.2309)
[2026-07-03 02:26:16.825] [DEBUG  ] [operation_logger] [web] ptz: 调整 #6: fine R=94 B=84 → R=213.1 G=2.5 B=103.6 (Δ=123.8486)
[2026-07-03 02:26:16.825] [DEBUG  ] [operation_logger] [web] ptz: 调整 #7: fine R=95 B=85 → R=212.4 G=2.6 B=98.2 (Δ=118.5321)
[2026-07-03 02:26:16.826] [DEBUG  ] [operation_logger] [web] ptz: 调整 #8: done R=95 B=85 → R=212.3 G=2.5 B=98.9 (Δ=121.9013)
[2026-07-03 02:26:16.846] [INFO   ] [operation_logger] [web] ptz: 清理: 清理完成
[2026-07-03 02:26:16.861] [INFO   ] [operation_logger] [web] ptz: ── 白平衡完成: R=95 B=85 (10步) ──
[2026-07-03 02:26:20.905] [INFO   ] [operation_logger] [ptz] focus_mode: {"device": "192.168.5.72", "mode": "auto"}
[2026-07-03 02:26:21.202] [INFO   ] [operation_logger] [web] ptz: 对焦模式: auto
[2026-07-03 02:26:26.631] [INFO   ] [operation_logger] [ptz] focus_mode: {"device": "192.168.5.72", "mode": "semiauto"}
[2026-07-03 02:26:27.133] [INFO   ] [operation_logger] [web] ptz: 对焦模式: semiauto
[2026-07-03 02:26:29.944] [INFO   ] [operation_logger] [ptz] focus_mode: {"device": "192.168.5.72", "mode": "manual"}
[2026-07-03 02:26:30.305] [INFO   ] [operation_logger] [web] ptz: 对焦模式: manual
[2026-07-03 02:26:30.371] [INFO   ] [operation_logger] [web] ptz: ── 对焦迭代开始 ──
[2026-07-03 02:26:35.976] [INFO   ] [operation_logger] [web] ptz: 对焦开始, X=1597~2239, Y=758~1401, 共412806像素
[2026-07-03 02:26:36.018] [DEBUG  ] [operation_logger] [web] ptz: 对焦 #1: focus_far 0.50s 反差=14.28 [开始对焦搜索]
[2026-07-03 02:26:36.018] [DEBUG  ] [operation_logger] [web] ptz: 对焦 #2: focus_far 0.50s 反差=14.94 [反差上升, 继续]
[2026-07-03 02:26:36.018] [DEBUG  ] [operation_logger] [web] ptz: 对焦 #3: focus_near 0.20s 反差=14.41 [反差下降, 反向精调 (0.2s)]
[2026-07-03 02:26:36.019] [DEBUG  ] [operation_logger] [web] ptz: 对焦 #4: focus_far 0.10s 反差=11.93 [反差下降, 反向精调 (0.1s)]
[2026-07-03 02:26:36.034] [DEBUG  ] [operation_logger] [web] ptz: 对焦 #5: focus_far 0.10s 反差=12.73 [反差上升, 继续]
[2026-07-03 02:26:36.175] [DEBUG  ] [operation_logger] [web] ptz: 对焦 #6: focus_far 0.10s 反差=14.16 [反差上升, 继续]
[2026-07-03 02:26:36.336] [DEBUG  ] [operation_logger] [web] ptz: 对焦 #7: focus_far 0.10s 反差=14.76 [反差上升, 继续]
[2026-07-03 02:26:36.336] [DEBUG  ] [operation_logger] [web] ptz: 对焦 #8: stop - 反差=13.76 [对焦完成]
[2026-07-03 02:26:36.336] [INFO   ] [operation_logger] [web] ptz: 清理: 清理完成
[2026-07-03 02:26:36.338] [INFO   ] [operation_logger] [web] ptz: ── 对焦完成: 反差=13.76 (10步) ──
[2026-07-03 02:41:00.875] [INFO   ] [operation_logger] [api] connect: {"mac": "192.168.5.72"}
[2026-07-03 02:41:00.996] [INFO   ] [operation_logger] [connect] {'mac': '192.168.5.72', 'ip': '192.168.5.72', 'status': 'success'}: 
[2026-07-03 02:41:01.449] [INFO   ] [operation_logger] [web] ptz: 4k 32X DC: ISAPI已连接
[2026-07-03 02:41:02.311] [INFO   ] [operation_logger] [web] ptz: 正在获取预置点列表...
[2026-07-03 02:41:02.367] [INFO   ] [operation_logger] [web] ptz: 已加载 29 个预置点
[2026-07-03 02:41:07.217] [INFO   ] [operation_logger] [web] ptz: ── 白平衡迭代开始 ──
[2026-07-03 02:41:34.429] [INFO   ] [operation_logger] [web] ptz: 白平衡开始, X=1651~2368, Y=810~1539, 共522693像素
[2026-07-03 02:41:34.431] [DEBUG  ] [operation_logger] [web] ptz: 调整 #1: coarse R=95 B=95 → R=179.2 G=4 B=186.8 (Δ=89.3887)
[2026-07-03 02:41:34.432] [DEBUG  ] [operation_logger] [web] ptz: 调整 #2: coarse R=90 B=90 → R=218.1 G=2.4 B=119.1 (Δ=138.0554)
[2026-07-03 02:41:34.434] [DEBUG  ] [operation_logger] [web] ptz: 调整 #3: coarse R=85 B=85 → R=214.6 G=2.5 B=112.1 (Δ=129.1311)
[2026-07-03 02:41:34.435] [DEBUG  ] [operation_logger] [web] ptz: 调整 #4: coarse R=80 B=80 → R=209.9 G=2.9 B=103 (Δ=107.1768)
[2026-07-03 02:41:34.435] [DEBUG  ] [operation_logger] [web] ptz: 调整 #5: coarse R=75 B=75 → R=205.3 G=4.3 B=93.8 (Δ=68.3238)
[2026-07-03 02:41:34.437] [DEBUG  ] [operation_logger] [web] ptz: 调整 #6: coarse R=70 B=70 → R=200.5 G=9.1 B=84.1 (Δ=29.1953)
[2026-07-03 02:41:34.438] [DEBUG  ] [operation_logger] [web] ptz: 调整 #7: coarse R=65 B=65 → R=195.8 G=22.2 B=65.7 (Δ=9.7899)
[2026-07-03 02:41:34.439] [DEBUG  ] [operation_logger] [web] ptz: 调整 #8: coarse R=60 B=60 → R=189 G=35.4 B=53.3 (Δ=4.8408)
[2026-07-03 02:41:34.441] [DEBUG  ] [operation_logger] [web] ptz: 调整 #9: coarse R=55 B=65 → R=182.4 G=52.4 B=38.7 (Δ=2.7402)
[2026-07-03 02:41:34.441] [DEBUG  ] [operation_logger] [web] ptz: 调整 #10: coarse R=50 B=70 → R=171.3 G=64.6 B=56.3 (Δ=1.7816)
[2026-07-03 02:41:34.442] [DEBUG  ] [operation_logger] [web] ptz: 调整 #11: coarse R=45 B=72 → R=159.3 G=77.3 B=74.6 (Δ=1.0944)
[2026-07-03 02:41:34.443] [DEBUG  ] [operation_logger] [web] ptz: 调整 #12: coarse R=40 B=74 → R=149.7 G=85.6 B=83 (Δ=0.7806)
[2026-07-03 02:41:34.444] [DEBUG  ] [operation_logger] [web] ptz: 调整 #13: coarse R=35 B=75 → R=151.4 G=105.2 B=103.2 (Δ=0.4579)
[2026-07-03 02:41:34.445] [DEBUG  ] [operation_logger] [web] ptz: 调整 #14: coarse R=30 B=76 → R=134.2 G=112.5 B=110.2 (Δ=0.2132)
[2026-07-03 02:41:34.447] [DEBUG  ] [operation_logger] [web] ptz: 调整 #15: coarse R=31 B=81 → R=118.4 G=122.7 B=113.3 (Δ=0.1113)
[2026-07-03 02:41:34.448] [DEBUG  ] [operation_logger] [web] ptz: 调整 #16: coarse R=30 B=76 → R=120.7 G=119.6 B=126 (Δ=0.0631)
[2026-07-03 02:41:34.448] [DEBUG  ] [operation_logger] [web] ptz: 调整 #17: coarse R=31 B=81 → R=119 G=123 B=113 (Δ=0.1133)
[2026-07-03 02:41:34.450] [DEBUG  ] [operation_logger] [web] ptz: 调整 #18: coarse R=30 B=76 → R=121 G=119.8 B=126.4 (Δ=0.0648)
[2026-07-03 02:41:34.451] [DEBUG  ] [operation_logger] [web] ptz: 调整 #19: coarse R=31 B=81 → R=118.6 G=123.1 B=113.6 (Δ=0.1144)
[2026-07-03 02:41:34.452] [DEBUG  ] [operation_logger] [web] ptz: 调整 #20: coarse R=30 B=77 → R=121.3 G=119.9 B=126 (Δ=0.0627)
[2026-07-03 02:41:34.454] [DEBUG  ] [operation_logger] [web] ptz: 调整 #21: coarse R=31 B=78 → R=116.7 G=122.7 B=119.9 (Δ=0.0722)
[2026-07-03 02:41:34.455] [DEBUG  ] [operation_logger] [web] ptz: 调整 #22: coarse R=30 B=79 → R=122.4 G=121.1 B=118.9 (Δ=0.0296)
[2026-07-03 02:41:34.455] [DEBUG  ] [operation_logger] [web] ptz: 调整 #23: coarse R=31 B=79 → R=117.8 G=122 B=121.8 (Δ=0.0358)
[2026-07-03 02:41:34.457] [DEBUG  ] [operation_logger] [web] ptz: 调整 #24: coarse R=30 B=78 → R=122.5 G=120.8 B=120.9 (Δ=0.0148)
[2026-07-03 02:41:34.458] [DEBUG  ] [operation_logger] [web] ptz: 调整 #25: coarse R=31 B=77 → R=116.3 G=122.3 B=122.6 (Δ=0.0517)
[2026-07-03 02:41:34.458] [DEBUG  ] [operation_logger] [web] ptz: 调整 #26: medium R=30 B=80 → R=122.9 G=121.5 B=116.5 (Δ=0.0525)
[2026-07-03 02:41:34.461] [DEBUG  ] [operation_logger] [web] ptz: 调整 #27: medium R=32 B=75 → R=117.5 G=121.4 B=124 (Δ=0.0535)
[2026-07-03 02:41:34.461] [DEBUG  ] [operation_logger] [web] ptz: 调整 #28: fine R=30 B=77 → R=128.3 G=121.1 B=109.7 (Δ=0.1535)
[2026-07-03 02:41:34.461] [DEBUG  ] [operation_logger] [web] ptz: 调整 #29: fine R=33 B=76 → R=119 G=122.7 B=114.6 (Δ=0.0975)
[2026-07-03 02:41:34.463] [DEBUG  ] [operation_logger] [web] ptz: 调整 #30: fine R=32 B=77 → R=131.8 G=119.1 B=112.9 (Δ=0.1587)
[2026-07-03 02:41:34.465] [INFO   ] [operation_logger] [web] ptz: 清理: 清理完成
[2026-07-03 02:41:34.465] [INFO   ] [operation_logger] [web] ptz: ── 白平衡完成: R=32 B=77 (32步) ──
[2026-07-03 03:05:11.103] [INFO   ] [operation_logger] [web] ptz: 4k 32X DC: ISAPI已连接
[2026-07-03 03:05:14.603] [INFO   ] [operation_logger] [web] ptz: 正在获取预置点列表...
[2026-07-03 03:05:14.672] [INFO   ] [operation_logger] [web] ptz: 已加载 29 个预置点
[2026-07-03 03:05:27.627] [INFO   ] [operation_logger] [image] whitebalance: {"device": "192.168.5.72", "mode": "auto", "red": 32, "blue": 77}
[2026-07-03 03:05:27.892] [INFO   ] [operation_logger] [web] ptz: 白平衡: 自动
[2026-07-03 03:05:35.075] [INFO   ] [operation_logger] [image] whitebalance: {"device": "192.168.5.72", "mode": "manual", "red": 32, "blue": 77}
[2026-07-03 03:05:35.365] [INFO   ] [operation_logger] [web] ptz: 白平衡: 手动
[2026-07-03 03:05:36.495] [INFO   ] [operation_logger] [web] ptz: ── 白平衡迭代开始 ──
[2026-07-03 03:05:44.966] [INFO   ] [operation_logger] [web] ptz: 白平衡开始, X=1597~2239, Y=758~1401, 共412806像素
[2026-07-03 03:05:44.967] [DEBUG  ] [operation_logger] [web] ptz: 调整 #1: coarse R=105 B=95 → R=102.2 G=117.6 B=137 (Δ=0.2961)
[2026-07-03 03:05:44.967] [DEBUG  ] [operation_logger] [web] ptz: 调整 #2: coarse R=100 B=90 → R=221.7 G=2.7 B=124.9 (Δ=124.988)
[2026-07-03 03:05:44.967] [DEBUG  ] [operation_logger] [web] ptz: 调整 #3: medium R=95 B=85 → R=217.1 G=2.5 B=116 (Δ=132.8446)
[2026-07-03 03:05:44.968] [DEBUG  ] [operation_logger] [web] ptz: 调整 #4: medium R=98 B=88 → R=213.5 G=2.5 B=106.1 (Δ=124.1706)
[2026-07-03 03:05:44.968] [DEBUG  ] [operation_logger] [web] ptz: 调整 #5: medium R=96 B=86 → R=214.5 G=2.5 B=109.2 (Δ=125.269)
[2026-07-03 03:05:44.974] [DEBUG  ] [operation_logger] [web] ptz: 调整 #6: fine R=94 B=84 → R=211.5 G=2.5 B=109.5 (Δ=124.7159)
[2026-07-03 03:05:44.974] [DEBUG  ] [operation_logger] [web] ptz: 调整 #7: fine R=95 B=85 → R=210.1 G=2.5 B=101.7 (Δ=121.4198)
[2026-07-03 03:05:44.975] [DEBUG  ] [operation_logger] [web] ptz: 调整 #8: done R=95 B=85 → R=210 G=2.5 B=101.4 (Δ=122.8549)
[2026-07-03 03:05:44.975] [INFO   ] [operation_logger] [web] ptz: 清理: 清理完成
[2026-07-03 03:05:44.976] [INFO   ] [operation_logger] [web] ptz: ── 白平衡完成: R=95 B=85 (10步) ──
[2026-07-03 03:05:50.108] [INFO   ] [operation_logger] [ptz] focus_mode: {"device": "192.168.5.72", "mode": "auto"}
[2026-07-03 03:05:50.566] [INFO   ] [operation_logger] [web] ptz: 对焦模式: auto
[2026-07-03 03:05:56.190] [INFO   ] [operation_logger] [ptz] focus_mode: {"device": "192.168.5.72", "mode": "semiauto"}
[2026-07-03 03:05:56.840] [INFO   ] [operation_logger] [web] ptz: 对焦模式: semiauto
[2026-07-03 03:05:59.249] [INFO   ] [operation_logger] [ptz] focus_mode: {"device": "192.168.5.72", "mode": "manual"}
[2026-07-03 03:05:59.849] [INFO   ] [operation_logger] [web] ptz: ── 对焦迭代开始 ──
[2026-07-03 03:05:59.850] [INFO   ] [operation_logger] [web] ptz: 对焦模式: manual
[2026-07-03 03:06:04.361] [INFO   ] [operation_logger] [web] ptz: 对焦开始, X=1597~2239, Y=758~1401, 共412806像素
[2026-07-03 03:06:04.362] [DEBUG  ] [operation_logger] [web] ptz: 对焦 #1: focus_far 0.50s 反差=14.89 [开始对焦搜索]
[2026-07-03 03:06:04.362] [DEBUG  ] [operation_logger] [web] ptz: 对焦 #2: focus_near 0.20s 反差=14.11 [反差下降, 反向精调 (0.2s)]
[2026-07-03 03:06:04.363] [DEBUG  ] [operation_logger] [web] ptz: 对焦 #3: focus_far 0.10s 反差=12.19 [反差下降, 反向精调 (0.1s)]
[2026-07-03 03:06:04.363] [DEBUG  ] [operation_logger] [web] ptz: 对焦 #4: focus_far 0.10s 反差=12.51 [反差上升, 继续]
[2026-07-03 03:06:04.363] [DEBUG  ] [operation_logger] [web] ptz: 对焦 #5: focus_far 0.10s 反差=14.04 [反差上升, 继续]
[2026-07-03 03:06:04.367] [DEBUG  ] [operation_logger] [web] ptz: 对焦 #6: focus_far 0.10s 反差=14.24 [反差上升, 继续]
[2026-07-03 03:06:04.367] [DEBUG  ] [operation_logger] [web] ptz: 对焦 #7: stop - 反差=14.06 [对焦完成]
[2026-07-03 03:06:04.367] [INFO   ] [operation_logger] [web] ptz: 清理: 清理完成
[2026-07-03 03:06:04.368] [INFO   ] [operation_logger] [web] ptz: ── 对焦完成: 反差=14.06 (9步) ──
[2026-07-03 03:18:44.788] [INFO   ] [operation_logger] [web] ptz: 4k 32X DC: ISAPI已连接
[2026-07-03 03:18:47.920] [INFO   ] [operation_logger] [web] ptz: 正在获取预置点列表...
[2026-07-03 03:18:47.966] [INFO   ] [operation_logger] [web] ptz: 已加载 29 个预置点
[2026-07-03 03:19:01.060] [INFO   ] [operation_logger] [image] whitebalance: {"device": "192.168.5.72", "mode": "auto", "red": 95, "blue": 85}
[2026-07-03 03:19:01.338] [INFO   ] [operation_logger] [web] ptz: 白平衡: 自动
[2026-07-03 03:19:08.413] [INFO   ] [operation_logger] [image] whitebalance: {"device": "192.168.5.72", "mode": "manual", "red": 95, "blue": 85}
[2026-07-03 03:19:08.564] [INFO   ] [operation_logger] [web] ptz: 白平衡: 手动
[2026-07-03 03:19:09.922] [INFO   ] [operation_logger] [web] ptz: ── 白平衡迭代开始 ──
[2026-07-03 03:19:16.482] [INFO   ] [operation_logger] [web] ptz: 白平衡开始, X=1597~2239, Y=758~1401, 共412806像素
[2026-07-03 03:19:16.483] [DEBUG  ] [operation_logger] [web] ptz: 调整 #1: coarse R=95 B=95 → R=212.2 G=2.7 B=127.1 (Δ=115.2537)
[2026-07-03 03:19:16.483] [DEBUG  ] [operation_logger] [web] ptz: 调整 #2: medium R=90 B=90 → R=214.7 G=2.7 B=125 (Δ=111.6643)
[2026-07-03 03:19:16.484] [DEBUG  ] [operation_logger] [web] ptz: 调整 #3: medium R=88 B=88 → R=210.5 G=2.7 B=117.7 (Δ=103.4325)
[2026-07-03 03:19:16.484] [DEBUG  ] [operation_logger] [web] ptz: 调整 #4: fine R=86 B=86 → R=208.3 G=2.9 B=115.1 (Δ=94.77)
[2026-07-03 03:19:16.484] [DEBUG  ] [operation_logger] [web] ptz: 调整 #5: fine R=85 B=85 → R=205.3 G=3 B=111.2 (Δ=88.8793)
[2026-07-03 03:19:16.488] [DEBUG  ] [operation_logger] [web] ptz: 调整 #6: done R=84 B=84 → R=204.5 G=3.2 B=107.5 (Δ=79.3113)
[2026-07-03 03:19:16.488] [INFO   ] [operation_logger] [web] ptz: 清理: 清理完成
[2026-07-03 03:19:16.488] [INFO   ] [operation_logger] [web] ptz: ── 白平衡完成: R=84 B=84 (8步) ──
[2026-07-03 03:19:21.452] [INFO   ] [operation_logger] [ptz] focus_mode: {"device": "192.168.5.72", "mode": "auto"}
[2026-07-03 03:19:21.996] [INFO   ] [operation_logger] [web] ptz: 对焦模式: auto
[2026-07-03 03:19:27.032] [INFO   ] [operation_logger] [ptz] focus_mode: {"device": "192.168.5.72", "mode": "semiauto"}
[2026-07-03 03:19:27.517] [INFO   ] [operation_logger] [web] ptz: 对焦模式: semiauto
[2026-07-03 03:19:30.667] [INFO   ] [operation_logger] [ptz] focus_mode: {"device": "192.168.5.72", "mode": "manual"}
[2026-07-03 03:19:31.200] [INFO   ] [operation_logger] [web] ptz: ── 对焦迭代开始 ──
[2026-07-03 03:19:31.200] [INFO   ] [operation_logger] [web] ptz: 对焦模式: manual
[2026-07-03 03:19:37.810] [INFO   ] [operation_logger] [web] ptz: 对焦开始, X=1597~2239, Y=758~1401, 共412806像素
[2026-07-03 03:19:37.812] [DEBUG  ] [operation_logger] [web] ptz: 对焦 #1: focus_far 0.50s 反差=15.71 [开始对焦搜索]
[2026-07-03 03:19:37.813] [DEBUG  ] [operation_logger] [web] ptz: 对焦 #2: focus_far 0.50s 反差=17 [反差上升, 继续]
[2026-07-03 03:19:37.814] [DEBUG  ] [operation_logger] [web] ptz: 对焦 #3: focus_far 0.50s 反差=18.19 [反差上升, 继续]
[2026-07-03 03:19:37.815] [DEBUG  ] [operation_logger] [web] ptz: 对焦 #4: focus_near 0.20s 反差=18.05 [反差下降, 反向精调 (0.2s)]
[2026-07-03 03:19:37.815] [DEBUG  ] [operation_logger] [web] ptz: 对焦 #5: focus_far 0.10s 反差=15.85 [反差下降, 反向精调 (0.1s)]
[2026-07-03 03:19:37.820] [DEBUG  ] [operation_logger] [web] ptz: 对焦 #6: focus_far 0.10s 反差=16.92 [反差上升, 继续]
[2026-07-03 03:19:37.820] [DEBUG  ] [operation_logger] [web] ptz: 对焦 #7: focus_far 0.10s 反差=18.54 [反差上升, 继续]
[2026-07-03 03:19:37.820] [DEBUG  ] [operation_logger] [web] ptz: 对焦 #8: focus_far 0.10s 反差=19.15 [反差上升, 继续]
[2026-07-03 03:19:37.821] [DEBUG  ] [operation_logger] [web] ptz: 对焦 #9: stop - 反差=18.31 [对焦完成]
[2026-07-03 03:19:37.821] [INFO   ] [operation_logger] [web] ptz: 清理: 清理完成
[2026-07-03 03:19:37.821] [INFO   ] [operation_logger] [web] ptz: ── 对焦完成: 反差=18.31 (11步) ──
[2026-07-03 03:22:09.552] [INFO   ] [operation_logger] [api] connect: {"mac": "192.168.5.72"}
[2026-07-03 03:22:09.748] [INFO   ] [operation_logger] [connect] {'mac': '192.168.5.72', 'ip': '192.168.5.72', 'status': 'success'}: 
[2026-07-03 03:22:10.142] [INFO   ] [operation_logger] [web] ptz: 4k 32X DC: ISAPI已连接
[2026-07-03 03:22:21.702] [INFO   ] [operation_logger] [web] ptz: 正在获取预置点列表...
[2026-07-03 03:22:21.728] [INFO   ] [operation_logger] [web] ptz: 已加载 29 个预置点
[2026-07-03 03:22:28.933] [INFO   ] [operation_logger] [web] ptz: ── 白平衡迭代开始 ──
[2026-07-03 03:22:35.511] [INFO   ] [operation_logger] [web] ptz: 白平衡开始, X=1561~2532, Y=771~1591, 共796220像素
[2026-07-03 03:22:35.511] [DEBUG  ] [operation_logger] [web] ptz: 调整 #1: coarse R=95 B=95 → R=172.5 G=12.8 B=192.6 (Δ=25.1538)
[2026-07-03 03:22:35.512] [DEBUG  ] [operation_logger] [web] ptz: 调整 #2: medium R=90 B=90 → R=223 G=2.1 B=124.6 (Δ=148.1626)
[2026-07-03 03:22:35.513] [DEBUG  ] [operation_logger] [web] ptz: 调整 #3: medium R=88 B=88 → R=218.9 G=2.1 B=115.7 (Δ=135.3578)
[2026-07-03 03:22:35.513] [DEBUG  ] [operation_logger] [web] ptz: 调整 #4: fine R=86 B=86 → R=216.8 G=2.2 B=110.6 (Δ=123.8756)
[2026-07-03 03:22:35.513] [DEBUG  ] [operation_logger] [web] ptz: 调整 #5: fine R=85 B=85 → R=213.4 G=2.4 B=106.8 (Δ=110.4229)
[2026-07-03 03:22:35.518] [DEBUG  ] [operation_logger] [web] ptz: 调整 #6: done R=95 B=95 → R=211.9 G=2.6 B=103.1 (Δ=25.1538)
[2026-07-03 03:22:35.518] [INFO   ] [operation_logger] [web] ptz: 清理: 清理完成
[2026-07-03 03:22:35.518] [INFO   ] [operation_logger] [web] ptz: ── 白平衡完成: R=95 B=95 (8步) ──
[2026-07-03 03:28:54.481] [INFO   ] [operation_logger] [image] whitebalance: {"device": "192.168.5.72", "mode": "manual", "red": 100, "blue": 100}
[2026-07-03 03:29:14.589] [INFO   ] [operation_logger] [image] whitebalance: {"device": "192.168.5.72", "mode": "manual", "red": 100, "blue": 100}
[2026-07-03 03:33:54.942] [INFO   ] [operation_logger] [image] whitebalance: {"device": "192.168.5.72", "mode": "manual", "red": 100, "blue": 100}
[2026-07-03 03:43:51.402] [INFO   ] [operation_logger] [image] whitebalance: {"device": "192.168.5.72", "mode": "manual", "red": 100, "blue": 100}
[2026-07-03 03:47:22.274] [INFO   ] [operation_logger] [image] whitebalance: {"device": "192.168.5.72", "mode": "manual", "red": 100, "blue": 100}
[2026-07-03 03:53:51.059] [INFO   ] [operation_logger] [api] connect: {"mac": "192.168.5.72"}
[2026-07-03 03:53:51.229] [INFO   ] [operation_logger] [connect] {'mac': '192.168.5.72', 'ip': '192.168.5.72', 'status': 'success'}: 
[2026-07-03 03:53:51.634] [INFO   ] [operation_logger] [web] ptz: 4k 32X DC: ISAPI已连接
[2026-07-03 03:53:53.272] [INFO   ] [operation_logger] [web] ptz: 正在获取预置点列表...
[2026-07-03 03:53:53.412] [INFO   ] [operation_logger] [web] ptz: 已加载 29 个预置点
[2026-07-03 03:53:59.419] [INFO   ] [operation_logger] [web] ptz: ── 白平衡迭代开始 ──
[2026-07-03 03:54:10.751] [INFO   ] [operation_logger] [web] ptz: 白平衡开始, X=1754~2538, Y=903~1555, 共511168像素
[2026-07-03 03:54:10.752] [DEBUG  ] [operation_logger] [web] ptz: 调整 #1: coarse R=105 B=95 → R=59.3 G=128.7 B=190.9 (Δ=1.0223)
[2026-07-03 03:54:10.753] [DEBUG  ] [operation_logger] [web] ptz: 调整 #2: coarse R=100 B=90 → R=234 G=2.4 B=117.2 (Δ=144.2923)
[2026-07-03 03:54:10.754] [DEBUG  ] [operation_logger] [web] ptz: 调整 #3: coarse R=95 B=85 → R=230.6 G=2.3 B=108.4 (Δ=142.5826)
[2026-07-03 03:54:10.755] [DEBUG  ] [operation_logger] [web] ptz: 调整 #4: coarse R=90 B=80 → R=227.7 G=2.3 B=98.2 (Δ=137.9992)
[2026-07-03 03:54:10.756] [DEBUG  ] [operation_logger] [web] ptz: 调整 #5: coarse R=85 B=75 → R=222.2 G=2.3 B=87.4 (Δ=135.2377)
[2026-07-03 03:54:10.759] [DEBUG  ] [operation_logger] [web] ptz: 调整 #6: medium R=80 B=70 → R=218.5 G=2.5 B=76.2 (Δ=115.894)
[2026-07-03 03:54:10.760] [DEBUG  ] [operation_logger] [web] ptz: 调整 #7: medium R=78 B=68 → R=215 G=3.8 B=63.4 (Δ=71.6363)
[2026-07-03 03:54:10.760] [DEBUG  ] [operation_logger] [web] ptz: 调整 #8: medium R=76 B=66 → R=212.9 G=4.9 B=58.8 (Δ=53.256)
[2026-07-03 03:54:10.762] [DEBUG  ] [operation_logger] [web] ptz: 调整 #9: fine R=74 B=64 → R=211.5 G=6.8 B=52.3 (Δ=36.9095)
[2026-07-03 03:54:10.763] [DEBUG  ] [operation_logger] [web] ptz: 调整 #10: fine R=73 B=63 → R=210.5 G=10.7 B=41.5 (Δ=21.4553)
[2026-07-03 03:54:10.765] [DEBUG  ] [operation_logger] [web] ptz: 调整 #11: done R=105 B=95 → R=208.2 G=11 B=44.3 (Δ=1.0223)
[2026-07-03 03:54:10.767] [INFO   ] [operation_logger] [web] ptz: 清理: 清理完成
[2026-07-03 03:54:10.768] [INFO   ] [operation_logger] [web] ptz: ── 白平衡完成: R=105 B=95 (13步) ──
[2026-07-03 04:14:13.398] [INFO   ] [operation_logger] [image] whitebalance: {"device": "192.168.5.72", "mode": "manual", "red": 100, "blue": 100}
[2026-07-03 04:14:55.082] [INFO   ] [operation_logger] [image] whitebalance: {"device": "192.168.5.72", "mode": "manual", "red": 100, "blue": 100}
[2026-07-03 04:17:09.085] [INFO   ] [operation_logger] [api] connect: {"mac": "192.168.5.72"}
[2026-07-03 04:17:09.226] [INFO   ] [operation_logger] [connect] {'mac': '192.168.5.72', 'ip': '192.168.5.72', 'status': 'success'}: 
[2026-07-03 04:17:09.671] [INFO   ] [operation_logger] [web] ptz: 4k 32X DC: ISAPI已连接
[2026-07-03 04:17:13.906] [INFO   ] [operation_logger] [web] ptz: 正在获取预置点列表...
[2026-07-03 04:17:13.960] [INFO   ] [operation_logger] [web] ptz: 已加载 29 个预置点
[2026-07-03 04:17:20.799] [INFO   ] [operation_logger] [web] ptz: ── 白平衡迭代开始 ──
[2026-07-03 04:17:21.128] [INFO   ] [operation_logger] [web] ptz: 白平衡开始, X=1577~2570, Y=819~1787, 共961224像素
[2026-07-03 04:17:21.128] [DEBUG  ] [operation_logger] [web] ptz: 调整 #1: coarse R=105 B=95 → R=54.2 G=126.6 B=192.7 (Δ=1.0944)
[2026-07-03 04:17:22.463] [DEBUG  ] [operation_logger] [web] ptz: 调整 #2: coarse R=100 B=90 → R=231.6 G=2.1 B=119.8 (Δ=168.5053)
[2026-07-03 04:17:23.440] [DEBUG  ] [operation_logger] [web] ptz: 调整 #3: coarse R=95 B=85 → R=227.3 G=2 B=112.1 (Δ=168.7559)
[2026-07-03 04:17:24.518] [DEBUG  ] [operation_logger] [web] ptz: 调整 #4: coarse R=90 B=80 → R=224.2 G=2 B=102.2 (Δ=161.525)
[2026-07-03 04:17:25.455] [DEBUG  ] [operation_logger] [web] ptz: 调整 #5: coarse R=85 B=75 → R=219.9 G=2.1 B=85.7 (Δ=146.0136)
[2026-07-03 04:17:26.507] [DEBUG  ] [operation_logger] [web] ptz: 调整 #6: medium R=80 B=70 → R=215 G=2.5 B=80.8 (Δ=115.5775)
[2026-07-03 04:17:27.423] [DEBUG  ] [operation_logger] [web] ptz: 调整 #7: medium R=78 B=68 → R=212.2 G=5.2 B=63.2 (Δ=50.5191)
[2026-07-03 04:17:28.509] [DEBUG  ] [operation_logger] [web] ptz: 调整 #8: medium R=76 B=66 → R=210.6 G=7.4 B=58.1 (Δ=34.4281)
[2026-07-03 04:17:29.891] [DEBUG  ] [operation_logger] [web] ptz: 调整 #9: fine R=74 B=64 → R=206.5 G=8.3 B=61.5 (Δ=30.1902)
[2026-07-03 04:17:31.021] [DEBUG  ] [operation_logger] [web] ptz: 调整 #10: fine R=73 B=63 → R=205.7 G=12.3 B=52 (Δ=19.0163)
[2026-07-03 04:17:32.708] [DEBUG  ] [operation_logger] [web] ptz: 调整 #11: done R=100 B=100 → R=203.4 G=12.6 B=58 (Δ=1.0944)
[2026-07-03 04:17:33.377] [INFO   ] [operation_logger] [web] ptz: ── 白平衡完成: R=100 B=100 (11步) ──
[2026-07-03 04:17:33.383] [INFO   ] [operation_logger] [web] ptz: 清理完成
[2026-07-03 04:28:53.617] [INFO   ] [operation_logger] [web] ptz: 4k 32X DC: ISAPI已连接
[2026-07-03 04:28:54.698] [INFO   ] [operation_logger] [web] ptz: 正在获取预置点列表...
[2026-07-03 04:28:54.719] [INFO   ] [operation_logger] [web] ptz: 已加载 29 个预置点
[2026-07-03 04:29:00.037] [INFO   ] [operation_logger] [web] ptz: ── 白平衡迭代开始 ──
[2026-07-03 04:29:00.396] [INFO   ] [operation_logger] [web] ptz: 白平衡开始, X=1590~2596, Y=610~1468, 共863148像素
[2026-07-03 04:29:00.396] [DEBUG  ] [operation_logger] [web] ptz: 调整 #1: coarse R=95 B=95 → R=171.7 G=2.2 B=199.9 (Δ=164.4444)
[2026-07-03 04:29:01.472] [DEBUG  ] [operation_logger] [web] ptz: 调整 #2: coarse R=90 B=90 → R=211.8 G=2.2 B=113 (Δ=149.0112)
[2026-07-03 04:29:02.394] [DEBUG  ] [operation_logger] [web] ptz: 调整 #3: coarse R=85 B=85 → R=208.9 G=2.3 B=101.2 (Δ=132.7326)
[2026-07-03 04:29:03.664] [DEBUG  ] [operation_logger] [web] ptz: 调整 #4: coarse R=80 B=80 → R=202.9 G=2.7 B=99.2 (Δ=111.3224)
[2026-07-03 04:29:04.870] [DEBUG  ] [operation_logger] [web] ptz: 调整 #5: coarse R=75 B=75 → R=198.6 G=4.2 B=89.9 (Δ=67.4625)
[2026-07-03 04:29:06.094] [DEBUG  ] [operation_logger] [web] ptz: 调整 #6: coarse R=70 B=70 → R=193.2 G=9.1 B=78.3 (Δ=27.9723)
[2026-07-03 04:29:07.196] [DEBUG  ] [operation_logger] [web] ptz: 调整 #7: coarse R=65 B=65 → R=187.6 G=18.5 B=67.4 (Δ=11.8125)
[2026-07-03 04:29:08.381] [DEBUG  ] [operation_logger] [web] ptz: 调整 #8: coarse R=60 B=60 → R=182.9 G=30.9 B=56.2 (Δ=5.7375)
[2026-07-03 04:29:09.383] [DEBUG  ] [operation_logger] [web] ptz: 调整 #9: coarse R=55 B=65 → R=177.3 G=49.1 B=37.9 (Δ=2.842)
[2026-07-03 04:29:10.479] [DEBUG  ] [operation_logger] [web] ptz: 调整 #10: coarse R=50 B=65 → R=166.8 G=61 B=60.3 (Δ=1.7463)
[2026-07-03 04:29:11.411] [DEBUG  ] [operation_logger] [web] ptz: 调整 #11: coarse R=45 B=70 → R=156.3 G=77 B=58.3 (Δ=1.2731)
[2026-07-03 04:29:12.442] [DEBUG  ] [operation_logger] [web] ptz: 调整 #12: coarse R=40 B=75 → R=146.3 G=83.7 B=76 (Δ=0.8398)
[2026-07-03 04:29:13.523] [DEBUG  ] [operation_logger] [web] ptz: 调整 #13: coarse R=35 B=70 → R=144 G=99.4 B=106 (Δ=0.5148)
[2026-07-03 04:29:14.655] [DEBUG  ] [operation_logger] [web] ptz: 调整 #14: coarse R=30 B=75 → R=130.3 G=110.8 B=93.7 (Δ=0.3299)
[2026-07-03 04:29:15.918] [DEBUG  ] [operation_logger] [web] ptz: 调整 #15: coarse R=32 B=77 → R=110.3 G=118.9 B=114.5 (Δ=0.1089)
[2026-07-03 04:29:17.027] [DEBUG  ] [operation_logger] [web] ptz: 调整 #16: coarse R=30 B=75 → R=119.8 G=115.4 B=117.2 (Δ=0.0548)
[2026-07-03 04:29:18.167] [DEBUG  ] [operation_logger] [web] ptz: 调整 #17: coarse R=32 B=79 → R=111.5 G=119.2 B=112.8 (Δ=0.1173)
[2026-07-03 04:29:19.850] [DEBUG  ] [operation_logger] [web] ptz: 调整 #18: medium R=32 B=74 → R=114.9 G=114.8 B=130 (Δ=0.133)
[2026-07-03 04:29:20.919] [DEBUG  ] [operation_logger] [web] ptz: 调整 #19: medium R=30 B=76 → R=121.2 G=117 B=109.2 (Δ=0.1027)
[2026-07-03 04:29:21.990] [DEBUG  ] [operation_logger] [web] ptz: 调整 #20: medium R=32 B=78 → R=111.2 G=118.8 B=115.5 (Δ=0.0913)
[2026-07-03 04:29:23.140] [DEBUG  ] [operation_logger] [web] ptz: 调整 #21: fine R=30 B=76 → R=119.5 G=115.3 B=120.6 (Δ=0.0819)
[2026-07-03 04:29:24.406] [DEBUG  ] [operation_logger] [web] ptz: 调整 #22: fine R=31 B=77 → R=111.3 G=118.9 B=115.5 (Δ=0.0922)
[2026-07-03 04:29:25.389] [DEBUG  ] [operation_logger] [web] ptz: 调整 #23: done R=31 B=77 → R=117.1 G=117.1 B=114.1 (Δ=0.0261)
[2026-07-03 04:29:25.857] [INFO   ] [operation_logger] [web] ptz: ── 白平衡完成: R=31 B=77 (23步) ──
[2026-07-03 04:29:25.866] [INFO   ] [operation_logger] [web] ptz: 清理完成
[2026-07-03 04:31:13.993] [INFO   ] [operation_logger] [image] whitebalance: {"device": "192.168.5.72", "mode": "manual", "red": 100, "blue": 100}
[2026-07-03 04:33:13.770] [INFO   ] [operation_logger] [image] whitebalance: {"device": "192.168.5.72", "mode": "manual", "red": 100, "blue": 100}
[2026-07-03 04:37:10.983] [INFO   ] [operation_logger] [image] whitebalance: {"device": "192.168.5.72", "mode": "manual", "red": 100, "blue": 100}
[2026-07-03 04:39:16.820] [INFO   ] [operation_logger] [image] whitebalance: {"device": "192.168.5.72", "mode": "manual", "red": 100, "blue": 100}
[2026-07-03 04:43:03.730] [INFO   ] [operation_logger] [image] whitebalance: {"device": "192.168.5.72", "mode": "manual", "red": 100, "blue": 100}
[2026-07-03 04:45:23.503] [INFO   ] [operation_logger] [image] whitebalance: {"device": "192.168.5.72", "mode": "manual", "red": 100, "blue": 100}
[2026-07-03 04:50:50.193] [INFO   ] [operation_logger] [image] whitebalance: {"device": "192.168.5.72", "mode": "manual", "red": 100, "blue": 100}
[2026-07-03 04:52:20.673] [INFO   ] [operation_logger] [web] ptz: 4k 32X DC: ISAPI已连接
[2026-07-03 04:52:22.233] [INFO   ] [operation_logger] [web] ptz: 正在获取预置点列表...
[2026-07-03 04:52:22.347] [INFO   ] [operation_logger] [web] ptz: 已加载 29 个预置点
[2026-07-03 04:52:30.028] [INFO   ] [operation_logger] [web] ptz: ── 白平衡迭代开始 ──
[2026-07-03 04:52:30.494] [INFO   ] [operation_logger] [web] ptz: 白平衡开始, X=1635~3181, Y=729~1809, 共1669680像素
[2026-07-03 04:52:30.494] [DEBUG  ] [operation_logger] [web] ptz: 调整 #1: coarse R=38 B=68 → R=62.5 G=123 B=182.8 (Δ=0.978)
[2026-07-03 04:52:32.132] [DEBUG  ] [operation_logger] [web] ptz: 调整 #2: coarse R=33 B=73 → R=159.2 G=106.5 B=84.2 (Δ=0.7037)
[2026-07-03 04:52:33.464] [DEBUG  ] [operation_logger] [web] ptz: 调整 #3: coarse R=28 B=78 → R=143.8 G=113.8 B=94.3 (Δ=0.4353)
[2026-07-03 04:52:34.747] [DEBUG  ] [operation_logger] [web] ptz: 调整 #4: coarse R=28 B=83 → R=120.8 G=120 B=108.9 (Δ=0.0988)
[2026-07-03 04:52:35.930] [DEBUG  ] [operation_logger] [web] ptz: 调整 #5: coarse R=28 B=79 → R=119 G=118.3 B=122.9 (Δ=0.0449)
[2026-07-03 04:52:37.046] [DEBUG  ] [operation_logger] [web] ptz: 调整 #6: coarse R=28 B=84 → R=120.9 G=119.9 B=111.7 (Δ=0.0761)
[2026-07-03 04:52:38.248] [DEBUG  ] [operation_logger] [web] ptz: 调整 #7: medium R=28 B=84 → R=118.6 G=117.9 B=125.2 (Δ=0.0678)
[2026-07-03 04:52:39.467] [DEBUG  ] [operation_logger] [web] ptz: 调整 #8: medium R=29 B=82 → R=111.1 G=117.9 B=137.8 (Δ=0.2264)
[2026-07-03 04:52:40.594] [DEBUG  ] [operation_logger] [web] ptz: 调整 #9: medium R=27 B=80 → R=125.1 G=117.3 B=119.3 (Δ=0.0824)
[2026-07-03 04:52:41.803] [DEBUG  ] [operation_logger] [web] ptz: 调整 #10: fine R=27 B=80 → R=114.9 G=121.1 B=115.4 (Δ=0.0982)
[2026-07-03 04:52:42.960] [DEBUG  ] [operation_logger] [web] ptz: 调整 #11: fine R=28 B=79 → R=106.8 G=121.1 B=130 (Δ=0.1918)
[2026-07-03 04:52:44.149] [DEBUG  ] [operation_logger] [web] ptz: 调整 #12: fine R=28 B=79 → R=121 G=120.1 B=111.9 (Δ=0.0755)
[2026-07-03 04:52:45.254] [DEBUG  ] [operation_logger] [web] ptz: 调整 #13: fine R=29 B=79 → R=113 G=119.9 B=126.3 (Δ=0.1109)
[2026-07-03 04:52:46.475] [DEBUG  ] [operation_logger] [web] ptz: 调整 #14: done R=28 B=83 → R=125.7 G=118.4 B=112.2 (Δ=0.0449)
[2026-07-03 04:52:46.836] [INFO   ] [operation_logger] [web] ptz: ── 白平衡完成: R=28 B=83 (14步) ──
[2026-07-03 04:52:46.844] [INFO   ] [operation_logger] [web] ptz: 清理完成
[2026-07-03 04:53:22.019] [INFO   ] [operation_logger] [api] connect: {"mac": "192.168.5.72"}
[2026-07-03 04:53:22.148] [INFO   ] [operation_logger] [connect] {'mac': '192.168.5.72', 'ip': '192.168.5.72', 'status': 'success'}: 
[2026-07-03 04:53:22.546] [INFO   ] [operation_logger] [web] ptz: 4k 32X DC: ISAPI已连接
[2026-07-03 04:54:13.534] [INFO   ] [operation_logger] [web] ptz: 正在获取预置点列表...
[2026-07-03 04:54:13.592] [INFO   ] [operation_logger] [web] ptz: 已加载 29 个预置点
[2026-07-03 04:54:18.456] [INFO   ] [operation_logger] [web] ptz: ── 白平衡迭代开始 ──
[2026-07-03 04:54:18.810] [INFO   ] [operation_logger] [web] ptz: 白平衡开始, X=237~896, Y=687~1272, 共385515像素
[2026-07-03 04:54:18.811] [DEBUG  ] [operation_logger] [web] ptz: 调整 #1: coarse R=33 B=78 → R=6.1 G=170.9 B=236 (Δ=1.3453)
[2026-07-03 04:54:19.871] [DEBUG  ] [operation_logger] [web] ptz: 调整 #2: coarse R=35 B=73 → R=151.1 G=164.8 B=184 (Δ=0.2001)
[2026-07-03 04:54:20.988] [DEBUG  ] [operation_logger] [web] ptz: 调整 #3: coarse R=35 B=69 → R=162.8 G=164.9 B=173.9 (Δ=0.0677)
[2026-07-03 04:54:22.641] [DEBUG  ] [operation_logger] [web] ptz: 调整 #4: coarse R=36 B=67 → R=161.2 G=166.8 B=169.5 (Δ=0.0498)
[2026-07-03 04:54:23.776] [DEBUG  ] [operation_logger] [web] ptz: 调整 #5: coarse R=35 B=71 → R=170 G=166.6 B=156.8 (Δ=0.0792)
[2026-07-03 04:54:24.906] [DEBUG  ] [operation_logger] [web] ptz: 调整 #6: coarse R=35 B=69 → R=164.1 G=165.8 B=169 (Δ=0.0298)
[2026-07-03 04:54:25.980] [DEBUG  ] [operation_logger] [web] ptz: 调整 #7: coarse R=35 B=70 → R=165.3 G=167 B=162.8 (Δ=0.0347)
[2026-07-03 04:54:27.023] [DEBUG  ] [operation_logger] [web] ptz: 调整 #8: coarse R=35 B=70 → R=165.1 G=166.8 B=166.2 (Δ=0.0135)
[2026-07-03 04:54:28.114] [DEBUG  ] [operation_logger] [web] ptz: 调整 #9: coarse R=37 B=65 → R=156.9 G=166.8 B=178 (Δ=0.1264)
[2026-07-03 04:54:29.328] [DEBUG  ] [operation_logger] [web] ptz: 调整 #10: medium R=37 B=65 → R=174.7 G=166.5 B=148.2 (Δ=0.1592)
[2026-07-03 04:54:30.408] [DEBUG  ] [operation_logger] [web] ptz: 调整 #11: medium R=37 B=65 → R=167 G=166.4 B=163.9 (Δ=0.0185)
[2026-07-03 04:54:31.754] [DEBUG  ] [operation_logger] [web] ptz: 调整 #12: medium R=39 B=63 → R=157.2 G=167 B=175.9 (Δ=0.1121)
[2026-07-03 04:54:32.883] [DEBUG  ] [operation_logger] [web] ptz: 调整 #13: fine R=39 B=63 → R=181.4 G=164.1 B=138.3 (Δ=0.2629)
[2026-07-03 04:54:33.992] [DEBUG  ] [operation_logger] [web] ptz: 调整 #14: fine R=38 B=64 → R=174.8 G=164.2 B=155.7 (Δ=0.1163)
[2026-07-03 04:54:35.093] [DEBUG  ] [operation_logger] [web] ptz: 调整 #15: fine R=38 B=64 → R=178.1 G=165.4 B=143.1 (Δ=0.2115)
[2026-07-03 04:54:36.147] [DEBUG  ] [operation_logger] [web] ptz: 调整 #16: fine R=37 B=64 → R=171.5 G=165 B=158.6 (Δ=0.0779)
[2026-07-03 04:54:37.477] [DEBUG  ] [operation_logger] [web] ptz: 调整 #17: done R=35 B=70 → R=174.4 G=166.9 B=144.7 (Δ=0.0135)
[2026-07-03 04:54:38.134] [INFO   ] [operation_logger] [web] ptz: ── 白平衡完成: R=35 B=70 (17步) ──
[2026-07-03 04:54:38.141] [INFO   ] [operation_logger] [web] ptz: 清理完成
[2026-07-03 04:55:02.529] [INFO   ] [operation_logger] [web] ptz: ── 对焦迭代开始 ──
[2026-07-03 04:55:55.376] [INFO   ] [operation_logger] [web] ptz: ── 白平衡迭代开始 ──
[2026-07-03 04:55:55.744] [INFO   ] [operation_logger] [web] ptz: 白平衡开始, X=1625~2516, Y=668~1533, 共770715像素
[2026-07-03 04:55:55.745] [DEBUG  ] [operation_logger] [web] ptz: 调整 #1: coarse R=40 B=65 → R=52.4 G=125.3 B=187.4 (Δ=1.0782)
[2026-07-03 04:55:56.910] [DEBUG  ] [operation_logger] [web] ptz: 调整 #2: coarse R=35 B=70 → R=152.9 G=109.6 B=80 (Δ=0.6652)
[2026-07-03 04:55:58.055] [DEBUG  ] [operation_logger] [web] ptz: 调整 #3: coarse R=30 B=75 → R=135.7 G=115.3 B=97.8 (Δ=0.3284)
[2026-07-03 04:55:59.329] [DEBUG  ] [operation_logger] [web] ptz: 调整 #4: coarse R=31 B=78 → R=113.4 G=120.4 B=114.8 (Δ=0.1044)
[2026-07-03 04:56:00.439] [DEBUG  ] [operation_logger] [web] ptz: 调整 #5: coarse R=31 B=74 → R=116 G=117.9 B=123.8 (Δ=0.0659)
[2026-07-03 04:56:01.599] [DEBUG  ] [operation_logger] [web] ptz: 调整 #6: coarse R=31 B=79 → R=117.8 G=119.6 B=111.9 (Δ=0.0789)
[2026-07-03 04:56:02.760] [DEBUG  ] [operation_logger] [web] ptz: 调整 #7: medium R=31 B=79 → R=115.7 G=117.4 B=125.7 (Δ=0.0852)
[2026-07-03 04:56:03.811] [DEBUG  ] [operation_logger] [web] ptz: 调整 #8: medium R=33 B=77 → R=108.8 G=117.4 B=137.9 (Δ=0.2481)
[2026-07-03 04:56:04.855] [DEBUG  ] [operation_logger] [web] ptz: 调整 #9: medium R=31 B=75 → R=126.3 G=115 B=118.4 (Δ=0.1276)
[2026-07-03 04:56:05.937] [DEBUG  ] [operation_logger] [web] ptz: 调整 #10: fine R=31 B=75 → R=117.8 G=119 B=113.8 (Δ=0.055)
[2026-07-03 04:56:07.051] [DEBUG  ] [operation_logger] [web] ptz: 调整 #11: fine R=32 B=74 → R=110.5 G=119 B=126.5 (Δ=0.1344)
[2026-07-03 04:56:08.168] [DEBUG  ] [operation_logger] [web] ptz: 调整 #12: fine R=32 B=74 → R=123.1 G=118.1 B=111.2 (Δ=0.101)
[2026-07-03 04:56:09.453] [DEBUG  ] [operation_logger] [web] ptz: 调整 #13: fine R=32 B=73 → R=115.1 G=118.1 B=124.5 (Δ=0.0794)
[2026-07-03 04:56:10.578] [DEBUG  ] [operation_logger] [web] ptz: 调整 #14: done R=31 B=75 → R=123.5 G=118.7 B=108 (Δ=0.055)
[2026-07-03 04:56:11.373] [INFO   ] [operation_logger] [web] ptz: ── 白平衡完成: R=31 B=75 (14步) ──
[2026-07-03 04:56:11.380] [INFO   ] [operation_logger] [web] ptz: 清理完成
[2026-07-03 04:57:19.591] [INFO   ] [operation_logger] [image] reset: {"device": "192.168.5.72"}
[2026-07-03 04:57:19.971] [INFO   ] [operation_logger] [web] ptz: 画面重置
[2026-07-03 04:57:32.539] [INFO   ] [operation_logger] [web] ptz: ── 对焦迭代开始 ──
[2026-07-03 04:58:14.020] [INFO   ] [operation_logger] [web] ptz: ── 对焦迭代开始 ──
[2026-07-03 04:59:31.306] [INFO   ] [operation_logger] [image] whitebalance: {"device": "192.168.5.72", "mode": "manual", "red": 100, "blue": 100}
[2026-07-03 05:08:06.656] [INFO   ] [operation_logger] [api] connect: {"mac": "192.168.5.72"}
[2026-07-03 05:08:06.791] [INFO   ] [operation_logger] [connect] {'mac': '192.168.5.72', 'ip': '192.168.5.72', 'status': 'success'}: 
[2026-07-03 05:08:07.161] [INFO   ] [operation_logger] [web] ptz: 4k 32X DC: ISAPI已连接
[2026-07-03 05:08:08.535] [INFO   ] [operation_logger] [web] ptz: 正在获取预置点列表...
[2026-07-03 05:08:08.591] [INFO   ] [operation_logger] [web] ptz: 已加载 29 个预置点
[2026-07-03 05:08:14.348] [INFO   ] [operation_logger] [web] ptz: ── 白平衡迭代开始 ──
[2026-07-03 05:08:14.705] [INFO   ] [operation_logger] [web] ptz: 白平衡开始, X=1577~2660, Y=649~1536, 共960621像素
[2026-07-03 05:08:14.706] [DEBUG  ] [operation_logger] [web] ptz: 调整 #1: coarse R=39 B=69 → R=45.2 G=124 B=196 (Δ=1.216)
[2026-07-03 05:08:15.930] [DEBUG  ] [operation_logger] [web] ptz: 调整 #2: coarse R=34 B=74 → R=146.5 G=107.4 B=95.8 (Δ=0.4722)
[2026-07-03 05:08:17.135] [DEBUG  ] [operation_logger] [web] ptz: 调整 #3: coarse R=29 B=72 → R=128.3 G=112.4 B=114 (Δ=0.1554)
[2026-07-03 05:08:18.278] [DEBUG  ] [operation_logger] [web] ptz: 调整 #4: coarse R=32 B=77 → R=110.1 G=124.2 B=111.9 (Δ=0.2128)
[2026-07-03 05:08:19.421] [DEBUG  ] [operation_logger] [web] ptz: 调整 #5: coarse R=30 B=72 → R=122.1 G=117.7 B=125.7 (Δ=0.1052)
[2026-07-03 05:08:20.591] [DEBUG  ] [operation_logger] [web] ptz: 调整 #6: coarse R=32 B=77 → R=114.7 G=122.9 B=111.7 (Δ=0.157)
[2026-07-03 05:08:21.717] [DEBUG  ] [operation_logger] [web] ptz: 调整 #7: medium R=32 B=77 → R=122.3 G=117.8 B=125.4 (Δ=0.103)
[2026-07-03 05:08:22.986] [DEBUG  ] [operation_logger] [web] ptz: 调整 #8: medium R=33 B=75 → R=114.1 G=118 B=137.6 (Δ=0.1996)
[2026-07-03 05:08:24.046] [DEBUG  ] [operation_logger] [web] ptz: 调整 #9: medium R=31 B=74 → R=127.5 G=117.5 B=119 (Δ=0.0983)
[2026-07-03 05:08:25.292] [DEBUG  ] [operation_logger] [web] ptz: 调整 #10: medium R=31 B=75 → R=118.2 G=120.7 B=118.5 (Δ=0.0385)
[2026-07-03 05:08:26.542] [DEBUG  ] [operation_logger] [web] ptz: 调整 #11: medium R=31 B=75 → R=118.1 G=120.3 B=120.6 (Δ=0.0215)
[2026-07-03 05:08:27.620] [DEBUG  ] [operation_logger] [web] ptz: 调整 #12: medium R=33 B=73 → R=110.6 G=120.4 B=133.3 (Δ=0.1885)
[2026-07-03 05:08:28.694] [DEBUG  ] [operation_logger] [web] ptz: 调整 #13: fine R=33 B=73 → R=128.1 G=118.4 B=113.9 (Δ=0.1197)
[2026-07-03 05:08:29.993] [DEBUG  ] [operation_logger] [web] ptz: 调整 #14: fine R=33 B=72 → R=120.3 G=118.6 B=126.9 (Δ=0.084)
[2026-07-03 05:08:31.109] [DEBUG  ] [operation_logger] [web] ptz: 调整 #15: fine R=33 B=72 → R=128.6 G=118.8 B=110.7 (Δ=0.1503)
[2026-07-03 05:08:32.015] [DEBUG  ] [operation_logger] [web] ptz: 调整 #16: fine R=32 B=72 → R=122.6 G=118.8 B=121.1 (Δ=0.0509)
[2026-07-03 05:08:33.412] [DEBUG  ] [operation_logger] [web] ptz: 调整 #17: fine R=32 B=73 → R=121.9 G=120.2 B=115.2 (Δ=0.0556)
[2026-07-03 05:08:34.495] [DEBUG  ] [operation_logger] [web] ptz: 调整 #18: done R=31 B=75 → R=124.3 G=119.8 B=113.9 (Δ=0.0215)
[2026-07-03 05:08:35.099] [INFO   ] [operation_logger] [web] ptz: ── 白平衡完成: R=31 B=75 (18步) ──
[2026-07-03 05:08:35.106] [INFO   ] [operation_logger] [web] ptz: 清理完成
[2026-07-03 05:10:35.970] [INFO   ] [operation_logger] [image] whitebalance: {"device": "192.168.5.72", "mode": "manual", "red": 36, "blue": 75}
[2026-07-03 05:10:36.117] [INFO   ] [operation_logger] [web] ptz: 白平衡R (红增益): 36
[2026-07-03 07:34:04.286] [INFO   ] [operation_logger] [api] connect: {"mac": "192.168.5.72"}
[2026-07-03 07:34:04.434] [INFO   ] [operation_logger] [connect] {'mac': '192.168.5.72', 'ip': '192.168.5.72', 'status': 'success'}: 
[2026-07-03 07:34:04.862] [INFO   ] [operation_logger] [web] ptz: 4k 32X DC: ISAPI已连接
[2026-07-03 07:34:09.446] [INFO   ] [operation_logger] [web] ptz: 正在获取预置点列表...
[2026-07-03 07:34:09.613] [INFO   ] [operation_logger] [web] ptz: 已加载 29 个预置点
[2026-07-03 07:34:23.795] [INFO   ] [operation_logger] [image] whitebalance: {"device": "192.168.5.72", "mode": "manual", "red": 35, "blue": 71}
[2026-07-03 07:34:23.976] [INFO   ] [operation_logger] [web] ptz: 白平衡: 手动
[2026-07-03 07:34:28.296] [INFO   ] [operation_logger] [web] ptz: ── 白平衡迭代开始 ──
[2026-07-03 07:34:28.719] [INFO   ] [operation_logger] [web] ptz: 白平衡开始, X=1420~3149, Y=495~1960, 共2532985像素
[2026-07-03 07:34:28.721] [DEBUG  ] [operation_logger] [web] ptz: 调整 #1: coarse R=40 B=66 → R=83.8 G=106.4 B=125.3 (Δ=0.39)
[2026-07-03 07:34:29.953] [DEBUG  ] [operation_logger] [web] ptz: 调整 #2: coarse R=37 B=64 → R=107.1 G=101.2 B=103.8 (Δ=0.0835)
[2026-07-03 07:34:31.098] [DEBUG  ] [operation_logger] [web] ptz: 调整 #3: coarse R=38 B=68 → R=99 G=103.2 B=97 (Δ=0.1007)
[2026-07-03 07:34:32.064] [DEBUG  ] [operation_logger] [web] ptz: 调整 #4: coarse R=38 B=65 → R=101 G=102.1 B=106.2 (Δ=0.0511)
[2026-07-03 07:34:33.128] [DEBUG  ] [operation_logger] [web] ptz: 调整 #5: coarse R=38 B=66 → R=101.9 G=102.6 B=100.1 (Δ=0.031)
[2026-07-03 07:34:34.224] [DEBUG  ] [operation_logger] [web] ptz: 调整 #6: coarse R=38 B=66 → R=101.7 G=102.5 B=102.3 (Δ=0.0091)
[2026-07-03 07:34:35.280] [DEBUG  ] [operation_logger] [web] ptz: 调整 #7: coarse R=39 B=63 → R=100.4 G=103.3 B=106.9 (Δ=0.0633)
[2026-07-03 07:34:36.931] [DEBUG  ] [operation_logger] [web] ptz: 调整 #8: medium R=39 B=63 → R=104.6 G=102.9 B=98 (Δ=0.064)
[2026-07-03 07:34:37.821] [DEBUG  ] [operation_logger] [web] ptz: 调整 #9: medium R=39 B=64 → R=103.4 G=103.6 B=101.8 (Δ=0.0199)
[2026-07-03 07:34:38.994] [DEBUG  ] [operation_logger] [web] ptz: 调整 #10: medium R=38 B=66 → R=104.5 G=102.2 B=98.3 (Δ=0.0608)
[2026-07-03 07:34:40.135] [DEBUG  ] [operation_logger] [web] ptz: 调整 #11: medium R=38 B=66 → R=101.9 G=102.2 B=102 (Δ=0.0058)
[2026-07-03 07:34:41.213] [DEBUG  ] [operation_logger] [web] ptz: 调整 #12: medium R=39 B=64 → R=100.4 G=103.3 B=106.8 (Δ=0.062)
[2026-07-03 07:34:42.692] [DEBUG  ] [operation_logger] [web] ptz: 调整 #13: fine R=39 B=64 → R=104.8 G=102.4 B=99.1 (Δ=0.0551)
[2026-07-03 07:34:43.763] [DEBUG  ] [operation_logger] [web] ptz: 调整 #14: fine R=39 B=63 → R=103.3 G=103.7 B=104.6 (Δ=0.0124)
[2026-07-03 07:34:44.965] [DEBUG  ] [operation_logger] [web] ptz: 调整 #15: fine R=39 B=63 → R=105.6 G=103.1 B=96.6 (Δ=0.0865)
[2026-07-03 07:34:46.120] [DEBUG  ] [operation_logger] [web] ptz: 调整 #16: fine R=39 B=64 → R=104.1 G=104.2 B=102.1 (Δ=0.0214)
[2026-07-03 07:34:47.195] [DEBUG  ] [operation_logger] [web] ptz: 调整 #17: fine R=38 B=64 → R=105.3 G=102.9 B=98.7 (Δ=0.0646)
[2026-07-03 07:34:48.351] [DEBUG  ] [operation_logger] [web] ptz: 调整 #18: done R=38 B=66 → R=103 G=103.4 B=98.4 (Δ=0.0058)
[2026-07-03 07:34:48.972] [INFO   ] [operation_logger] [web] ptz: ── 白平衡完成: R=38 B=66 (18步) ──
[2026-07-03 07:34:48.979] [INFO   ] [operation_logger] [web] ptz: 清理完成
[2026-07-03 07:35:26.570] [INFO   ] [operation_logger] [ptz] focus_mode: {"device": "192.168.5.72", "mode": "manual"}
[2026-07-03 07:35:26.902] [INFO   ] [operation_logger] [web] ptz: 对焦模式: manual
[2026-07-03 07:35:31.969] [INFO   ] [operation_logger] [web] ptz: ── 对焦迭代开始 ──
[2026-07-03 07:35:32.295] [INFO   ] [operation_logger] [web] ptz: 对焦开始, X=555~1333, Y=1703~2005, 共234956像素
[2026-07-03 07:35:32.296] [DEBUG  ] [operation_logger] [web] ptz: 对焦 #1: coarse focus_far 反差=75.55 (0.5s) 开始对焦搜索
[2026-07-03 07:35:33.319] [DEBUG  ] [operation_logger] [web] ptz: 对焦 #2: coarse focus_far 反差=77.56 (0.5s) 反差上升,继续
[2026-07-03 07:35:34.308] [DEBUG  ] [operation_logger] [web] ptz: 对焦 #3: coarse focus_far 反差=83.2 (0.5s) 反差上升,继续
[2026-07-03 07:35:35.308] [DEBUG  ] [operation_logger] [web] ptz: 对焦 #4: coarse focus_far 反差=80.15 (0.5s) 反差下降,反向
[2026-07-03 07:35:36.315] [DEBUG  ] [operation_logger] [web] ptz: 对焦 #5: coarse focus_near 反差=81.91 (0.5s) 反差上升,继续
[2026-07-03 07:35:37.271] [DEBUG  ] [operation_logger] [web] ptz: 对焦 #6: coarse focus_near 反差=33.95 (0.5s) 反差下降,反向
[2026-07-03 07:35:38.198] [DEBUG  ] [operation_logger] [web] ptz: 对焦 #7: medium focus_near 反差=19.56 (0.2s) 进入medium调校
[2026-07-03 07:35:38.925] [DEBUG  ] [operation_logger] [web] ptz: 对焦 #8: medium focus_near 反差=16.54 (0.2s) 反差下降,反向
[2026-07-03 07:35:39.606] [DEBUG  ] [operation_logger] [web] ptz: 对焦 #9: medium focus_far 反差=17.01 (0.2s) 反差上升,继续
[2026-07-03 07:35:40.310] [DEBUG  ] [operation_logger] [web] ptz: 对焦 #10: medium focus_far 反差=25.77 (0.2s) 反差上升,继续
[2026-07-03 07:35:41.051] [DEBUG  ] [operation_logger] [web] ptz: 对焦 #11: medium focus_far 反差=39 (0.2s) 反差上升,继续
[2026-07-03 07:35:41.739] [DEBUG  ] [operation_logger] [web] ptz: 对焦 #12: medium focus_far 反差=53.32 (0.2s) 反差上升,继续
[2026-07-03 07:35:42.434] [DEBUG  ] [operation_logger] [web] ptz: 对焦 #13: medium focus_far 反差=66.52 (0.2s) 反差上升,继续
[2026-07-03 07:35:43.113] [DEBUG  ] [operation_logger] [web] ptz: 对焦 #14: medium focus_far 反差=78.51 (0.2s) 反差上升,继续
[2026-07-03 07:35:43.889] [DEBUG  ] [operation_logger] [web] ptz: 对焦 #15: medium focus_far 反差=81.57 (0.2s) 反差上升,继续
[2026-07-03 07:35:44.709] [DEBUG  ] [operation_logger] [web] ptz: 对焦 #16: medium focus_far 反差=82.68 (0.2s) 反差上升,继续
[2026-07-03 07:35:45.645] [DEBUG  ] [operation_logger] [web] ptz: 对焦 #17: medium focus_far 反差=82.77 (0.2s) 反差上升,继续
[2026-07-03 07:35:46.337] [DEBUG  ] [operation_logger] [web] ptz: 对焦 #18: medium focus_far 反差=81.71 (0.2s) 反差下降,反向
[2026-07-03 07:35:47.076] [DEBUG  ] [operation_logger] [web] ptz: 对焦 #19: medium focus_near 反差=84.19 (0.2s) 反差上升,继续
[2026-07-03 07:35:47.885] [DEBUG  ] [operation_logger] [web] ptz: 对焦 #20: medium focus_near 反差=46.81 (0.2s) 反差下降,反向
[2026-07-03 07:35:48.755] [DEBUG  ] [operation_logger] [web] ptz: 对焦 #21: fine focus_near 反差=37.46 (0.1s) 进入fine调校
[2026-07-03 07:35:49.325] [DEBUG  ] [operation_logger] [web] ptz: 对焦 #22: fine focus_near 反差=31.88 (0.1s) 反差下降,反向
[2026-07-03 07:35:49.904] [DEBUG  ] [operation_logger] [web] ptz: 对焦 #23: fine focus_far 反差=26.69 (0.1s) 反差下降,反向
[2026-07-03 07:35:50.421] [DEBUG  ] [operation_logger] [web] ptz: 对焦 #24: done stop 反差=75.55 (0.1s) 对焦完成,回滚3步 (best=75.5)
[2026-07-03 07:35:51.694] [INFO   ] [operation_logger] [web] ptz: ── 对焦完成: 反差=75.55 (回滚3步) (24步) ──
[2026-07-03 07:35:51.701] [INFO   ] [operation_logger] [web] ptz: 清理完成
[2026-07-03 07:36:06.799] [INFO   ] [operation_logger] [ptz] osd_info: {"device": "192.168.5.72", "enabled": false}
[2026-07-03 07:36:07.227] [INFO   ] [operation_logger] [ptz] osd_ptz: {"device": "192.168.5.72", "enabled": false}
[2026-07-03 07:36:07.229] [INFO   ] [operation_logger] [web] ptz: Info OSD: 关闭
[2026-07-03 07:36:07.616] [INFO   ] [operation_logger] [web] ptz: PTZ OSD: 关闭
[2026-07-03 07:36:42.712] [INFO   ] [operation_logger] [web] ptz: ── 对焦迭代开始 ──
[2026-07-03 07:36:43.040] [INFO   ] [operation_logger] [web] ptz: 对焦开始, X=1539~2403, Y=1243~1835, 共511488像素
[2026-07-03 07:36:43.041] [DEBUG  ] [operation_logger] [web] ptz: 对焦 #1: coarse focus_far 反差=19.71 (0.5s) 开始对焦搜索
[2026-07-03 07:36:44.099] [DEBUG  ] [operation_logger] [web] ptz: 对焦 #2: coarse focus_far 反差=131.52 (0.5s) 反差上升,继续
[2026-07-03 07:36:45.173] [DEBUG  ] [operation_logger] [web] ptz: 对焦 #3: coarse focus_far 反差=408.17 (0.5s) 反差上升,继续
[2026-07-03 07:36:46.197] [DEBUG  ] [operation_logger] [web] ptz: 对焦 #4: coarse focus_far 反差=965.29 (0.5s) 反差上升,继续
[2026-07-03 07:36:47.175] [DEBUG  ] [operation_logger] [web] ptz: 对焦 #5: coarse focus_far 反差=897.82 (0.5s) 反差下降,反向
[2026-07-03 07:36:48.177] [DEBUG  ] [operation_logger] [web] ptz: 对焦 #6: coarse focus_near 反差=1037.83 (0.5s) 反差上升,继续
[2026-07-03 07:36:49.235] [DEBUG  ] [operation_logger] [web] ptz: 对焦 #7: coarse focus_near 反差=179.72 (0.5s) 反差下降,反向
[2026-07-03 07:36:50.267] [DEBUG  ] [operation_logger] [web] ptz: 对焦 #8: medium focus_near 反差=25.7 (0.2s) 进入medium调校
[2026-07-03 07:36:50.957] [DEBUG  ] [operation_logger] [web] ptz: 对焦 #9: medium focus_near 反差=20.15 (0.2s) 反差下降,反向
[2026-07-03 07:36:51.696] [DEBUG  ] [operation_logger] [web] ptz: 对焦 #10: fine focus_near 反差=17.52 (0.1s) 进入fine调校
[2026-07-03 07:36:52.296] [DEBUG  ] [operation_logger] [web] ptz: 对焦 #11: fine focus_near 反差=15.41 (0.1s) 反差下降,反向
[2026-07-03 07:36:52.895] [DEBUG  ] [operation_logger] [web] ptz: 对焦 #12: fine focus_far 反差=13.48 (0.1s) 反差下降,反向
[2026-07-03 07:36:53.632] [DEBUG  ] [operation_logger] [web] ptz: 对焦 #13: done stop 反差=19.71 (0.1s) 对焦完成,回滚3步 (best=19.7)
[2026-07-03 07:36:54.648] [INFO   ] [operation_logger] [web] ptz: ── 对焦完成: 反差=19.71 (回滚3步) (13步) ──
[2026-07-03 07:36:54.654] [INFO   ] [operation_logger] [web] ptz: 清理完成
[2026-07-03 07:37:15.055] [INFO   ] [operation_logger] [web] ptz: ── 对焦迭代开始 ──
[2026-07-03 07:37:15.359] [INFO   ] [operation_logger] [web] ptz: 对焦开始, X=2387~3184, Y=658~1279, 共494937像素
[2026-07-03 07:37:15.359] [DEBUG  ] [operation_logger] [web] ptz: 对焦 #1: coarse focus_far 反差=10.3 (0.5s) 开始对焦搜索
[2026-07-03 07:37:16.370] [DEBUG  ] [operation_logger] [web] ptz: 对焦 #2: coarse focus_far 反差=19.55 (0.5s) 反差上升,继续
[2026-07-03 07:37:17.612] [DEBUG  ] [operation_logger] [web] ptz: 对焦 #3: coarse focus_far 反差=64.78 (0.5s) 反差上升,继续
[2026-07-03 07:37:18.661] [DEBUG  ] [operation_logger] [web] ptz: 对焦 #4: coarse focus_far 反差=52.49 (0.5s) 反差下降,反向
[2026-07-03 07:37:19.677] [DEBUG  ] [operation_logger] [web] ptz: 对焦 #5: medium focus_far 反差=28.12 (0.2s) 进入medium调校
[2026-07-03 07:37:20.432] [DEBUG  ] [operation_logger] [web] ptz: 对焦 #6: medium focus_far 反差=30.38 (0.2s) 反差上升,继续
[2026-07-03 07:37:21.208] [DEBUG  ] [operation_logger] [web] ptz: 对焦 #7: medium focus_far 反差=30.21 (0.2s) 反差下降,反向
[2026-07-03 07:37:21.951] [DEBUG  ] [operation_logger] [web] ptz: 对焦 #8: medium focus_near 反差=30.61 (0.2s) 反差上升,继续
[2026-07-03 07:37:22.679] [DEBUG  ] [operation_logger] [web] ptz: 对焦 #9: medium focus_near 反差=33.48 (0.2s) 反差上升,继续
[2026-07-03 07:37:23.370] [DEBUG  ] [operation_logger] [web] ptz: 对焦 #10: medium focus_near 反差=167.54 (0.2s) 反差上升,继续
[2026-07-03 07:37:24.210] [DEBUG  ] [operation_logger] [web] ptz: 对焦 #11: medium focus_near 反差=75.99 (0.2s) 反差下降,反向
[2026-07-03 07:37:24.891] [DEBUG  ] [operation_logger] [web] ptz: 对焦 #12: fine focus_near 反差=30.33 (0.1s) 进入fine调校
[2026-07-03 07:37:25.687] [DEBUG  ] [operation_logger] [web] ptz: 对焦 #13: fine focus_near 反差=24.1 (0.1s) 反差下降,反向
[2026-07-03 07:37:26.130] [DEBUG  ] [operation_logger] [web] ptz: 对焦 #14: fine focus_far 反差=19.28 (0.1s) 反差下降,反向
[2026-07-03 07:37:26.811] [DEBUG  ] [operation_logger] [web] ptz: 对焦 #15: fine focus_near 反差=18.61 (0.1s) 反差下降,反向
[2026-07-03 07:37:27.366] [DEBUG  ] [operation_logger] [web] ptz: 对焦 #16: done stop 反差=24.1 (0.1s) 对焦完成,回滚3步 (best=24.1)
[2026-07-03 07:37:28.429] [INFO   ] [operation_logger] [web] ptz: ── 对焦完成: 反差=24.1 (回滚3步) (16步) ──
[2026-07-03 07:37:28.435] [INFO   ] [operation_logger] [web] ptz: 清理完成
[2026-07-03 08:22:54.262] [INFO   ] [operation_logger] [web] ptz: 4k 32X DC: ISAPI已连接
[2026-07-03 08:22:55.607] [INFO   ] [operation_logger] [web] ptz: 正在获取预置点列表...
[2026-07-03 08:22:55.611] [INFO   ] [operation_logger] [web] ptz: 已加载 29 个预置点
[2026-07-03 08:23:03.124] [INFO   ] [operation_logger] [api] disconnect: {"mac": "192.168.5.72"}
[2026-07-03 08:23:03.127] [INFO   ] [operation_logger] [disconnect] {'mac': '192.168.5.72', 'status': 'success'}: 
[2026-07-03 08:23:06.135] [INFO   ] [operation_logger] [api] connect: {"mac": "192.168.5.72"}
[2026-07-03 08:23:06.138] [INFO   ] [operation_logger] [connect] {'mac': '192.168.5.72', 'ip': '192.168.5.72', 'status': 'success'}: 
[2026-07-03 08:23:06.686] [INFO   ] [operation_logger] [web] ptz: 4k 32X DC: ISAPI已连接
[2026-07-03 08:23:23.974] [INFO   ] [operation_logger] [ptz] capture: {"device": "192.168.5.72", "filename": "4k_32X_DC_20260703_082323_0001.jpg"}
[2026-07-03 08:23:24.438] [INFO   ] [operation_logger] [web] ptz: 录像开始
[2026-07-03 08:23:24.568] [INFO   ] [operation_logger] [web] ptz: 录像停止
[2026-07-03 08:23:27.926] [INFO   ] [operation_logger] [web] ptz: 截图
[2026-07-03 08:26:04.089] [INFO   ] [operation_logger] [image] whitebalance: {"device": "192.168.5.72", "mode": "manual", "red": 100, "blue": 100}
[2026-07-03 08:48:41.251] [INFO   ] [operation_logger] [web] ptz: 4k 32X DC: ISAPI已连接
[2026-07-03 08:48:48.714] [INFO   ] [operation_logger] [web] ptz: 4k 32X DC: ISAPI已连接
[2026-07-03 08:48:51.971] [INFO   ] [operation_logger] [web] ptz: 4k 32X DC: ISAPI已连接
[2026-07-03 08:48:54.273] [INFO   ] [operation_logger] [web] ptz: 正在获取预置点列表...
[2026-07-03 08:48:54.294] [INFO   ] [operation_logger] [web] ptz: 已加载 29 个预置点
[2026-07-03 08:49:04.767] [INFO   ] [operation_logger] [web] ptz: ── 对焦迭代开始 ──
[2026-07-03 08:49:05.133] [INFO   ] [operation_logger] [web] ptz: 对焦开始, X=1009~2410, Y=1028~1719, 共968091像素
[2026-07-03 08:49:05.133] [DEBUG  ] [operation_logger] [web] ptz: 对焦 #1: coarse focus_far 反差=8.01 (0.5s) 开始对焦搜索
[2026-07-03 08:49:06.408] [DEBUG  ] [operation_logger] [web] ptz: 对焦 #2: coarse focus_far 反差=14.58 (0.5s) 反差上升,继续
[2026-07-03 08:49:07.516] [DEBUG  ] [operation_logger] [web] ptz: 对焦 #3: coarse focus_far 反差=44.36 (0.5s) 反差上升,继续
[2026-07-03 08:49:08.759] [DEBUG  ] [operation_logger] [web] ptz: 对焦 #4: coarse focus_far 反差=214.39 (0.5s) 反差上升,继续
[2026-07-03 08:49:10.027] [DEBUG  ] [operation_logger] [web] ptz: 对焦 #5: coarse focus_far 反差=900.87 (0.5s) 反差上升,继续
[2026-07-03 08:49:11.220] [DEBUG  ] [operation_logger] [web] ptz: 对焦 #6: coarse focus_far 反差=967.25 (0.5s) 反差上升,继续
[2026-07-03 08:49:12.352] [DEBUG  ] [operation_logger] [web] ptz: 对焦 #7: coarse focus_far 反差=966.12 (0.5s) 反差下降,反向
[2026-07-03 08:49:13.509] [DEBUG  ] [operation_logger] [web] ptz: 对焦 #8: coarse focus_near 反差=974.99 (0.5s) 反差上升,继续
[2026-07-03 08:49:14.775] [DEBUG  ] [operation_logger] [web] ptz: 对焦 #9: coarse focus_near 反差=53.44 (0.5s) 反差下降,反向
[2026-07-03 08:49:15.957] [DEBUG  ] [operation_logger] [web] ptz: 对焦 #10: medium focus_near 反差=13.85 (0.2s) 进入medium调校
[2026-07-03 08:49:16.791] [DEBUG  ] [operation_logger] [web] ptz: 对焦 #11: medium focus_near 反差=10.32 (0.2s) 反差下降,反向
[2026-07-03 08:49:17.790] [DEBUG  ] [operation_logger] [web] ptz: 对焦 #12: fine focus_near 反差=8.58 (0.1s) 进入fine调校
[2026-07-03 08:49:18.363] [DEBUG  ] [operation_logger] [web] ptz: 对焦 #13: fine focus_near 反差=8.18 (0.1s) 反差下降,反向
[2026-07-03 08:49:19.078] [DEBUG  ] [operation_logger] [web] ptz: 对焦 #14: fine focus_far 反差=7.48 (0.1s) 反差下降,反向
[2026-07-03 08:49:19.799] [DEBUG  ] [operation_logger] [web] ptz: 对焦 #15: done stop 反差=8.58 (0.1s) 对焦完成,回滚3步 (best=8.6)
[2026-07-03 08:49:21.470] [INFO   ] [operation_logger] [web] ptz: ── 对焦完成: 反差=8.651849875081577 (回滚3步) (15步) ──
[2026-07-03 08:49:21.478] [INFO   ] [operation_logger] [web] ptz: 清理完成
[2026-07-03 08:50:16.864] [INFO   ] [operation_logger] [web] ptz: ── 对焦迭代开始 ──
[2026-07-03 08:50:17.172] [INFO   ] [operation_logger] [web] ptz: 对焦开始, X=935~1642, Y=1224~1626, 共284214像素
[2026-07-03 08:50:17.172] [DEBUG  ] [operation_logger] [web] ptz: 对焦 #1: coarse focus_far 反差=4.04 (0.5s) 开始对焦搜索
[2026-07-03 08:50:18.290] [DEBUG  ] [operation_logger] [web] ptz: 对焦 #2: coarse focus_far 反差=5.66 (0.5s) 反差上升,继续
[2026-07-03 08:50:19.443] [DEBUG  ] [operation_logger] [web] ptz: 对焦 #3: coarse focus_far 反差=12.26 (0.5s) 反差上升,继续
[2026-07-03 08:50:20.885] [DEBUG  ] [operation_logger] [web] ptz: 对焦 #4: coarse focus_far 反差=100.24 (0.5s) 反差上升,继续
[2026-07-03 08:50:22.038] [DEBUG  ] [operation_logger] [web] ptz: 对焦 #5: coarse focus_far 反差=1407.16 (0.5s) 反差上升,继续
[2026-07-03 08:50:23.172] [DEBUG  ] [operation_logger] [web] ptz: 对焦 #6: coarse focus_far 反差=1547.18 (0.5s) 反差上升,继续
[2026-07-03 08:50:24.372] [DEBUG  ] [operation_logger] [web] ptz: 对焦 #7: coarse focus_far 反差=1588.06 (0.5s) 反差上升,继续
[2026-07-03 08:50:25.526] [DEBUG  ] [operation_logger] [web] ptz: 对焦 #8: coarse focus_far 反差=1587.06 (0.5s) 反差下降,反向
[2026-07-03 08:50:26.766] [DEBUG  ] [operation_logger] [web] ptz: 对焦 #9: medium focus_far 反差=1583.88 (0.2s) 进入medium调校
[2026-07-03 08:50:27.749] [DEBUG  ] [operation_logger] [web] ptz: 对焦 #10: medium focus_far 反差=1573.77 (0.2s) 反差下降,反向
[2026-07-03 08:50:28.713] [DEBUG  ] [operation_logger] [web] ptz: 对焦 #11: medium focus_near 反差=1577.36 (0.2s) 反差上升,继续
[2026-07-03 08:50:29.542] [DEBUG  ] [operation_logger] [web] ptz: 对焦 #12: medium focus_near 反差=83.38 (0.2s) 反差下降,反向
[2026-07-03 08:50:30.387] [DEBUG  ] [operation_logger] [web] ptz: 对焦 #13: fine focus_near 反差=77.15 (0.1s) 进入fine调校
[2026-07-03 08:50:31.123] [DEBUG  ] [operation_logger] [web] ptz: 对焦 #14: fine focus_near 反差=32.02 (0.1s) 反差下降,反向
[2026-07-03 08:50:31.984] [DEBUG  ] [operation_logger] [web] ptz: 对焦 #15: fine focus_far 反差=19.3 (0.1s) 反差下降,反向
[2026-07-03 08:50:32.756] [DEBUG  ] [operation_logger] [web] ptz: 对焦 #16: done stop 反差=77.15 (0.1s) 对焦完成,回滚3步 (best=77.1)
[2026-07-03 08:50:35.136] [INFO   ] [operation_logger] [web] ptz: ── 对焦完成: 反差=26.01114239458164 (回滚3步) (16步) ──
[2026-07-03 08:50:35.144] [INFO   ] [operation_logger] [web] ptz: 清理完成
[2026-07-03 11:19:41.336] [INFO   ] [operation_logger] [web] ptz: 4k 32X DC: ISAPI已连接
[2026-07-03 11:19:58.846] [INFO   ] [operation_logger] [web] ptz: 正在获取预置点列表...
[2026-07-03 11:19:58.850] [INFO   ] [operation_logger] [web] ptz: 已加载 29 个预置点
[2026-07-03 11:20:13.819] [INFO   ] [operation_logger] [web] ptz: ── 对焦迭代开始 ──
[2026-07-03 11:20:14.179] [INFO   ] [operation_logger] [web] ptz: 对焦开始, X=1709~2005, Y=684~964, 共82880像素
[2026-07-03 11:20:14.179] [DEBUG  ] [operation_logger] [web] ptz: 对焦 #1: sampling focus_far 反差=51.08 (0.3s) 开始对焦搜索
[2026-07-03 11:20:15.188] [DEBUG  ] [operation_logger] [web] ptz: 对焦 #2: sampling focus_far 反差=48.48 (0.3s) 反差下降,继续
[2026-07-03 11:20:16.222] [DEBUG  ] [operation_logger] [web] ptz: 对焦 #3: sampling focus_far 反差=50.15 (0.3s) 反差上升,继续
[2026-07-03 11:20:17.206] [DEBUG  ] [operation_logger] [web] ptz: 对焦 #4: sampling focus_far 反差=52.42 (0.3s) 反差上升,继续
[2026-07-03 11:20:18.203] [DEBUG  ] [operation_logger] [web] ptz: 对焦 #5: sampling focus_far 反差=53.09 (0.3s) 反差上升,继续
[2026-07-03 11:20:19.173] [DEBUG  ] [operation_logger] [web] ptz: 对焦 #6: sampling focus_far 反差=54.06 (0.3s) 反差上升,继续
[2026-07-03 11:20:20.247] [DEBUG  ] [operation_logger] [web] ptz: 对焦 #7: sampling focus_far 反差=52.22 (0.3s) 反差下降,继续
[2026-07-03 11:20:21.206] [DEBUG  ] [operation_logger] [web] ptz: 对焦 #8: sampling focus_far 反差=52.46 (0.3s) 反差上升,继续
[2026-07-03 11:20:22.243] [DEBUG  ] [operation_logger] [web] ptz: 对焦 #9: sampling focus_far 反差=53.85 (0.3s) 反差上升,继续
[2026-07-03 11:20:23.216] [DEBUG  ] [operation_logger] [web] ptz: 对焦 #10: sampling focus_far 反差=52.63 (0.3s) 反差下降,继续
[2026-07-03 11:20:24.197] [DEBUG  ] [operation_logger] [web] ptz: 对焦 #11: sampling focus_far 反差=52.26 (0.3s) 反差下降,继续
[2026-07-03 11:20:25.284] [DEBUG  ] [operation_logger] [web] ptz: 对焦 #12: approach focus_near 反差=51.23 (0.1s) 拟合成功,逼近峰值(53.1)
[2026-07-03 11:20:26.165] [DEBUG  ] [operation_logger] [web] ptz: 对焦 #13: approach focus_near 反差=79.06 (0.1s) 逼近峰值(53.1,delta=-4.0)
[2026-07-03 11:20:26.919] [DEBUG  ] [operation_logger] [web] ptz: 对焦 #14: approach focus_near 反差=150.56 (0.1s) 逼近峰值(53.1,delta=-3.6)
[2026-07-03 11:20:27.791] [DEBUG  ] [operation_logger] [web] ptz: 对焦 #15: approach focus_near 反差=1082.17 (0.1s) 逼近峰值(53.1,delta=-3.3)
[2026-07-03 11:20:28.488] [DEBUG  ] [operation_logger] [web] ptz: 对焦 #16: done stop 反差=53.12 (0s) 对焦完成(逼近上限,峰值=53.1)
[2026-07-03 11:20:29.181] [INFO   ] [operation_logger] [web] ptz: ── 对焦完成: 反差=232.7282812172446 (16步) ──
[2026-07-03 11:20:29.189] [INFO   ] [operation_logger] [web] ptz: 清理完成
[2026-07-03 16:05:22.492] [INFO   ] [operation_logger] [web] ptz: 4k 32X DC: ISAPI已连接
[2026-07-03 16:05:24.472] [INFO   ] [operation_logger] [web] ptz: 正在获取预置点列表...
[2026-07-03 16:05:24.496] [INFO   ] [operation_logger] [web] ptz: 已加载 29 个预置点
[2026-07-03 16:05:35.365] [INFO   ] [operation_logger] [web] ptz: ── 对焦迭代开始 ──
[2026-07-03 16:05:35.663] [INFO   ] [operation_logger] [web] ptz: 对焦开始, X=1651~2239, Y=642~1137, 共291060像素
[2026-07-03 16:05:35.663] [DEBUG  ] [operation_logger] [web] ptz: 对焦 #1: sampling focus_far 反差=23.77 (0.3s) 开始对焦搜索
[2026-07-03 16:05:36.590] [DEBUG  ] [operation_logger] [web] ptz: 对焦 #2: sampling focus_far 反差=24.1 (0.3s) 采样(rise=1,fall=0)
[2026-07-03 16:05:37.597] [DEBUG  ] [operation_logger] [web] ptz: 对焦 #3: sampling focus_far 反差=24.21 (0.3s) 采样(rise=2,fall=0)
[2026-07-03 16:05:38.688] [DEBUG  ] [operation_logger] [web] ptz: 对焦 #4: sampling focus_far 反差=24.51 (0.3s) 采样(rise=3,fall=0)
[2026-07-03 16:05:39.631] [DEBUG  ] [operation_logger] [web] ptz: 对焦 #5: sampling focus_far 反差=24.23 (0.3s) 采样(rise=0,fall=1)
[2026-07-03 16:05:40.605] [DEBUG  ] [operation_logger] [web] ptz: 对焦 #6: sampling focus_far 反差=23.78 (0.3s) 采样(rise=0,fall=2)
[2026-07-03 16:05:41.599] [DEBUG  ] [operation_logger] [web] ptz: 对焦 #7: sampling focus_far 反差=23.77 (0.3s) 采样(rise=0,fall=3)
[2026-07-03 16:05:42.602] [DEBUG  ] [operation_logger] [web] ptz: 对焦 #8: sampling focus_far 反差=24.44 (0.3s) 采样(rise=1,fall=0)
[2026-07-03 16:05:43.598] [DEBUG  ] [operation_logger] [web] ptz: 对焦 #9: sampling focus_far 反差=23.93 (0.3s) 采样(rise=0,fall=1)
[2026-07-03 16:05:44.594] [DEBUG  ] [operation_logger] [web] ptz: 对焦 #10: done stop 反差=24.51 (0s) 对焦完成(平台检测,best=24.5)
[2026-07-03 16:05:44.862] [INFO   ] [operation_logger] [web] ptz: ── 对焦完成: 反差=23.606635285931056 (10步) ──
[2026-07-03 16:05:44.867] [INFO   ] [operation_logger] [web] ptz: 清理完成
[2026-07-03 16:06:05.021] [INFO   ] [operation_logger] [ptz] osd_info: {"device": "192.168.5.72", "enabled": true}
[2026-07-03 16:06:05.211] [INFO   ] [operation_logger] [web] ptz: Info OSD: 显示
[2026-07-03 16:06:06.440] [INFO   ] [operation_logger] [ptz] osd_ptz: {"device": "192.168.5.72", "enabled": true}
[2026-07-03 16:06:06.446] [INFO   ] [operation_logger] [web] ptz: PTZ OSD: 显示
[2026-07-03 16:06:18.734] [INFO   ] [operation_logger] [web] ptz: ── 对焦迭代开始 ──
[2026-07-03 16:06:19.025] [INFO   ] [operation_logger] [web] ptz: 对焦开始, X=1648~3547, Y=382~1118, 共1397664像素
[2026-07-03 16:06:19.025] [DEBUG  ] [operation_logger] [web] ptz: 对焦 #1: sampling focus_far 反差=18.81 (0.3s) 开始对焦搜索
[2026-07-03 16:06:20.047] [DEBUG  ] [operation_logger] [web] ptz: 对焦 #2: sampling focus_far 反差=18.61 (0.3s) 采样(rise=0,fall=1)
[2026-07-03 16:06:20.969] [DEBUG  ] [operation_logger] [web] ptz: 对焦 #3: sampling focus_far 反差=18.6 (0.3s) 采样(rise=0,fall=2)
[2026-07-03 16:06:21.992] [DEBUG  ] [operation_logger] [web] ptz: 对焦 #4: sampling focus_far 反差=18.87 (0.3s) 采样(rise=1,fall=0)
[2026-07-03 16:06:22.990] [DEBUG  ] [operation_logger] [web] ptz: 对焦 #5: sampling focus_far 反差=18.68 (0.3s) 采样(rise=0,fall=1)
[2026-07-03 16:06:23.982] [DEBUG  ] [operation_logger] [web] ptz: 对焦 #6: sampling focus_far 反差=18.92 (0.3s) 采样(rise=1,fall=0)
[2026-07-03 16:06:24.951] [DEBUG  ] [operation_logger] [web] ptz: 对焦 #7: sampling focus_far 反差=19.04 (0.3s) 采样(rise=2,fall=0)
[2026-07-03 16:06:25.929] [DEBUG  ] [operation_logger] [web] ptz: 对焦 #8: sampling focus_far 反差=18.92 (0.3s) 采样(rise=0,fall=1)
[2026-07-03 16:06:26.979] [DEBUG  ] [operation_logger] [web] ptz: 对焦 #9: sampling focus_far 反差=18.99 (0.3s) 采样(rise=1,fall=0)
[2026-07-03 16:06:27.915] [DEBUG  ] [operation_logger] [web] ptz: 对焦 #10: done stop 反差=19.04 (0s) 对焦完成(平台检测,best=19.0)
[2026-07-03 16:06:28.301] [INFO   ] [operation_logger] [web] ptz: ── 对焦完成: 反差=18.7341859576891 (10步) ──
[2026-07-03 16:06:28.303] [INFO   ] [operation_logger] [web] ptz: 清理完成
[2026-07-03 16:12:55.822] [INFO   ] [operation_logger] [web] ptz: ── 对焦迭代开始 ──
[2026-07-03 16:12:56.323] [INFO   ] [operation_logger] [web] ptz: 对焦开始, X=935~1333, Y=1674~1954, 共111440像素
[2026-07-03 16:12:56.324] [DEBUG  ] [operation_logger] [web] ptz: 对焦 #1: sampling focus_far 反差=26.11 (0.3s) 开始对焦搜索
[2026-07-03 16:12:57.342] [DEBUG  ] [operation_logger] [web] ptz: 对焦 #2: sampling focus_far 反差=26.97 (0.3s) 采样(rise=1,fall=0)
[2026-07-03 16:12:58.329] [DEBUG  ] [operation_logger] [web] ptz: 对焦 #3: sampling focus_far 反差=26.09 (0.3s) 采样(rise=0,fall=1)
[2026-07-03 16:12:59.461] [DEBUG  ] [operation_logger] [web] ptz: 对焦 #4: sampling focus_far 反差=26.85 (0.3s) 采样(rise=1,fall=0)
[2026-07-03 16:13:00.430] [DEBUG  ] [operation_logger] [web] ptz: 对焦 #5: sampling focus_far 反差=26.28 (0.3s) 采样(rise=0,fall=1)
[2026-07-03 16:13:01.386] [DEBUG  ] [operation_logger] [web] ptz: 对焦 #6: sampling focus_far 反差=26.45 (0.3s) 采样(rise=1,fall=0)
[2026-07-03 16:13:02.449] [DEBUG  ] [operation_logger] [web] ptz: 对焦 #7: sampling focus_far 反差=26.7 (0.3s) 采样(rise=2,fall=0)
[2026-07-03 16:13:03.384] [DEBUG  ] [operation_logger] [web] ptz: 对焦 #8: sampling focus_far 反差=27.13 (0.3s) 采样(rise=3,fall=0)
[2026-07-03 16:13:04.358] [DEBUG  ] [operation_logger] [web] ptz: 对焦 #9: sampling focus_far 反差=26.6 (0.3s) 采样(rise=0,fall=1)
[2026-07-03 16:13:05.324] [DEBUG  ] [operation_logger] [web] ptz: 对焦 #10: done stop 反差=27.18 (0s) 对焦完成(平台检测,best=27.2)
[2026-07-03 16:13:05.674] [INFO   ] [operation_logger] [web] ptz: ── 对焦完成: 反差=27.564984758360048 (10步) ──
[2026-07-03 16:13:05.679] [INFO   ] [operation_logger] [web] ptz: 清理完成
[2026-07-03 16:13:19.828] [INFO   ] [operation_logger] [ptz] focus_mode: {"device": "192.168.5.72", "mode": "auto"}
[2026-07-03 16:13:20.049] [INFO   ] [operation_logger] [web] ptz: 对焦模式: auto
[2026-07-03 16:13:22.476] [INFO   ] [operation_logger] [ptz] focus_mode: {"device": "192.168.5.72", "mode": "manual"}
[2026-07-03 16:13:22.786] [INFO   ] [operation_logger] [web] ptz: 对焦模式: manual
[2026-07-03 16:13:38.669] [INFO   ] [operation_logger] [web] ptz: ── 对焦迭代开始 ──
[2026-07-03 16:13:38.961] [INFO   ] [operation_logger] [web] ptz: 对焦开始, X=989~1487, Y=1594~1992, 共198204像素
[2026-07-03 16:13:38.961] [DEBUG  ] [operation_logger] [web] ptz: 对焦 #1: sampling focus_far 反差=6.82 (0.3s) 开始对焦搜索
[2026-07-03 16:13:39.903] [DEBUG  ] [operation_logger] [web] ptz: 对焦 #2: sampling focus_far 反差=10.78 (0.3s) 采样(rise=1,fall=0)
[2026-07-03 16:13:41.081] [DEBUG  ] [operation_logger] [web] ptz: 对焦 #3: sampling focus_far 反差=28.36 (0.3s) 采样(rise=2,fall=0)
[2026-07-03 16:13:42.016] [DEBUG  ] [operation_logger] [web] ptz: 对焦 #4: sampling focus_far 反差=72 (0.3s) 采样(rise=3,fall=0)
[2026-07-03 16:13:42.981] [DEBUG  ] [operation_logger] [web] ptz: 对焦 #5: sampling focus_far 反差=825.54 (0.3s) 采样(rise=4,fall=0)
[2026-07-03 16:13:43.990] [DEBUG  ] [operation_logger] [web] ptz: 对焦 #6: sampling focus_far 反差=67.99 (0.3s) 采样(rise=0,fall=1)
[2026-07-03 16:13:44.960] [DEBUG  ] [operation_logger] [web] ptz: 对焦 #7: sampling focus_far 反差=38.56 (0.3s) 采样(rise=0,fall=2)
[2026-07-03 16:13:45.922] [DEBUG  ] [operation_logger] [web] ptz: 对焦 #8: sampling focus_far 反差=41.41 (0.3s) 采样(rise=1,fall=0)
[2026-07-03 16:13:46.942] [DEBUG  ] [operation_logger] [web] ptz: 对焦 #9: sampling focus_far 反差=44.06 (0.3s) 采样(rise=2,fall=0)
[2026-07-03 16:13:47.996] [DEBUG  ] [operation_logger] [web] ptz: 对焦 #10: sampling focus_far 反差=42.81 (0.3s) 采样(rise=0,fall=1)
[2026-07-03 16:13:48.959] [DEBUG  ] [operation_logger] [web] ptz: 对焦 #11: sampling focus_far 反差=45.3 (0.3s) 采样(rise=1,fall=0)
[2026-07-03 16:13:50.004] [DEBUG  ] [operation_logger] [web] ptz: 对焦 #12: sampling focus_far 反差=43.5 (0.3s) 采样(rise=0,fall=1)
[2026-07-03 16:13:50.927] [DEBUG  ] [operation_logger] [web] ptz: 对焦 #13: sampling focus_far 反差=43.32 (0.3s) 采样(rise=0,fall=2)
[2026-07-03 16:13:51.972] [DEBUG  ] [operation_logger] [web] ptz: 对焦 #14: sampling focus_far 反差=43.06 (0.3s) 采样(rise=0,fall=3)
[2026-07-03 16:13:52.973] [DEBUG  ] [operation_logger] [web] ptz: 对焦 #15: sampling focus_far 反差=44.47 (0.3s) 采样(rise=1,fall=0)
[2026-07-03 16:13:53.914] [DEBUG  ] [operation_logger] [web] ptz: 对焦 #16: sampling focus_far 反差=44.08 (0.3s) 采样(rise=0,fall=1)
[2026-07-03 16:13:54.947] [DEBUG  ] [operation_logger] [web] ptz: 对焦 #17: done stop 反差=825.54 (0s) 对焦完成(平台检测,best=825.5)
[2026-07-03 16:13:55.337] [INFO   ] [operation_logger] [web] ptz: ── 对焦完成: 反差=44.872161544075816 (17步) ──
[2026-07-03 16:13:55.341] [INFO   ] [operation_logger] [web] ptz: 清理完成
[2026-07-03 20:21:51.257] [INFO   ] [operation_logger] [ptz] focus_mode: {"device": "192.168.5.72", "mode": "manual"}
[2026-07-03 20:33:28.576] [INFO   ] [operation_logger] [ptz] focus_mode: {"device": "192.168.5.72", "mode": "manual"}
[2026-07-03 22:12:44.652] [INFO   ] [operation_logger] [web] ptz: 4k 32X DC: ISAPI已连接
[2026-07-03 22:12:50.844] [INFO   ] [operation_logger] [web] ptz: 正在获取预置点列表...
[2026-07-03 22:12:50.850] [INFO   ] [operation_logger] [web] ptz: 已加载 29 个预置点
[2026-07-03 22:12:58.743] [INFO   ] [operation_logger] [web] ptz: ── 对焦迭代开始 ──
[2026-07-03 22:13:01.468] [INFO   ] [operation_logger] [web] ptz: 对焦开始, X=1680~2162, Y=507~967, 共221720像素
[2026-07-03 22:13:01.468] [DEBUG  ] [operation_logger] [web] ptz: 对焦 #1: sampling focus_far 反差=47.72 (0.3s) 开始对焦搜索
[2026-07-03 22:13:02.509] [DEBUG  ] [operation_logger] [web] ptz: 对焦 #2: sampling focus_far 反差=46.65 (0.3s) 采样(rise=0,fall=1)
[2026-07-03 22:13:03.485] [DEBUG  ] [operation_logger] [web] ptz: 对焦 #3: sampling focus_far 反差=46.95 (0.3s) 采样(rise=1,fall=0)
[2026-07-03 22:13:04.481] [DEBUG  ] [operation_logger] [web] ptz: 对焦 #4: sampling focus_far 反差=47.84 (0.3s) 采样(rise=2,fall=0)
[2026-07-03 22:13:05.481] [DEBUG  ] [operation_logger] [web] ptz: 对焦 #5: sampling focus_far 反差=48.67 (0.3s) 采样(rise=3,fall=0)
[2026-07-03 22:13:06.533] [DEBUG  ] [operation_logger] [web] ptz: 对焦 #6: sampling focus_far 反差=49.73 (0.3s) 采样(rise=4,fall=0)
[2026-07-03 22:13:07.517] [DEBUG  ] [operation_logger] [web] ptz: 对焦 #7: sampling focus_far 反差=50.1 (0.3s) 采样(rise=5,fall=0)
[2026-07-03 22:13:08.478] [DEBUG  ] [operation_logger] [web] ptz: 对焦 #8: sampling focus_far 反差=49.19 (0.3s) 采样(rise=0,fall=1)
[2026-07-03 22:13:09.461] [DEBUG  ] [operation_logger] [web] ptz: 对焦 #9: sampling focus_far 反差=47.81 (0.3s) 采样(rise=0,fall=2)
[2026-07-03 22:13:10.472] [DEBUG  ] [operation_logger] [web] ptz: 对焦 #10: done stop 反差=50.1 (0s) 对焦完成(平台检测,best=50.1)
[2026-07-03 22:13:10.781] [INFO   ] [operation_logger] [web] ptz: ── 对焦完成: 反差=48.4656361580288 (10步) ──
[2026-07-03 22:13:10.787] [INFO   ] [operation_logger] [web] ptz: 清理完成
